['计算机与网络安全']
启动浏览器，打开微信公众号登录界面
/Users/dip/PycharmProjects/TornadoCURD/main.py:46: DeprecationWarning: executable_path has been deprecated, please pass in a Service object
  driver = webdriver.Chrome(executable_path=CHROME_DRIVER)
请拿手机扫码二维码登录公众号
登录成功
<class 'list'>
[{'domain': 'mp.weixin.qq.com', 'expiry': 4294967295, 'httpOnly': False, 'name': 'mm_lang', 'path': '/', 'secure': True, 'value': 'zh_CN'}, {'domain': 'mp.weixin.qq.com', 'expiry': 1656235582, 'httpOnly': True, 'name': 'slave_user', 'path': '/', 'secure': True, 'value': 'gh_52a317853636'}, {'domain': 'mp.weixin.qq.com', 'expiry': 2147483647, 'httpOnly': True, 'name': 'ua_id', 'path': '/', 'secure': True, 'value': 'IJlAQ66wa2gSUZnZAAAAAKSuBMp6xSjmjNL6H9h9qKw='}, {'domain': 'mp.weixin.qq.com', 'expiry': 2147483647, 'httpOnly': True, 'name': 'xid', 'path': '/', 'secure': True, 'value': 'e240a1229ac3cd57c1936cd5cb62cb16'}, {'domain': 'mp.weixin.qq.com', 'expiry': 1656235582, 'httpOnly': True, 'name': 'slave_sid', 'path': '/', 'secure': True, 'value': 'VWl1Z1ZlNG8ySDdPN2kxcF9aOGVROW9uZDlUd3ZudWN6RTF3bGg0RnpHcXNRcmhrQW5rbExDZkdRUDFBbjNHenNwb3BqRExxX3I4V0lRQWlEbUpVeGE4Nlh5Zm9Ndm5rQklRSGJIZl9jVFlfaWx2cnJyN0RBSTFub0NpN005QWdSaHhUanRVbkk1QkNscFZX'}, {'domain': 'mp.weixin.qq.com', 'httpOnly': True, 'name': 'uuid', 'path': '/', 'secure': True, 'value': '56811a3a211d2d894d1f44192b7635db'}, {'domain': 'mp.weixin.qq.com', 'expiry': 1656235582, 'httpOnly': True, 'name': 'data_ticket', 'path': '/', 'secure': True, 'value': 'CO5P9RrWHhqxna8pMx1IDMh60vn4+a/ndG35UUNu3uFupes8TzlVQWUq3yB5d/QA'}, {'domain': 'mp.weixin.qq.com', 'expiry': 1656235582, 'httpOnly': True, 'name': 'bizuin', 'path': '/', 'secure': True, 'value': '3949376427'}, {'domain': 'mp.weixin.qq.com', 'expiry': 1656235582, 'httpOnly': True, 'name': 'data_bizuin', 'path': '/', 'secure': True, 'value': '3949376427'}, {'domain': 'mp.weixin.qq.com', 'expiry': 1656235582, 'httpOnly': True, 'name': 'slave_bizuin', 'path': '/', 'secure': True, 'value': '3949376427'}, {'domain': 'mp.weixin.qq.com', 'expiry': 2147454816, 'httpOnly': False, 'name': 'wxuin', 'path': '/', 'secure': False, 'value': '55889965802659'}, {'domain': 'mp.weixin.qq.com', 'expiry': 1656235582, 'httpOnly': True, 'name': 'rand_info', 'path': '/', 'secure': True, 'value': 'CAESIHF5Nyjsnqeh4LEcMt/z+djpGUuG1RWwF9WXxV9d7vRF'}]
<class 'dict'>
{'mm_lang': 'zh_CN', 'slave_user': 'gh_52a317853636', 'ua_id': 'IJlAQ66wa2gSUZnZAAAAAKSuBMp6xSjmjNL6H9h9qKw=', 'xid': 'e240a1229ac3cd57c1936cd5cb62cb16', 'slave_sid': 'VWl1Z1ZlNG8ySDdPN2kxcF9aOGVROW9uZDlUd3ZudWN6RTF3bGg0RnpHcXNRcmhrQW5rbExDZkdRUDFBbjNHenNwb3BqRExxX3I4V0lRQWlEbUpVeGE4Nlh5Zm9Ndm5rQklRSGJIZl9jVFlfaWx2cnJyN0RBSTFub0NpN005QWdSaHhUanRVbkk1QkNscFZX', 'uuid': '56811a3a211d2d894d1f44192b7635db', 'data_ticket': 'CO5P9RrWHhqxna8pMx1IDMh60vn4+a/ndG35UUNu3uFupes8TzlVQWUq3yB5d/QA', 'bizuin': '3949376427', 'data_bizuin': '3949376427', 'slave_bizuin': '3949376427', 'wxuin': '55889965802659', 'rand_info': 'CAESIHF5Nyjsnqeh4LEcMt/z+djpGUuG1RWwF9WXxV9d7vRF'}
<class 'str'>
{"mm_lang": "zh_CN", "slave_user": "gh_52a317853636", "ua_id": "IJlAQ66wa2gSUZnZAAAAAKSuBMp6xSjmjNL6H9h9qKw=", "xid": "e240a1229ac3cd57c1936cd5cb62cb16", "slave_sid": "VWl1Z1ZlNG8ySDdPN2kxcF9aOGVROW9uZDlUd3ZudWN6RTF3bGg0RnpHcXNRcmhrQW5rbExDZkdRUDFBbjNHenNwb3BqRExxX3I4V0lRQWlEbUpVeGE4Nlh5Zm9Ndm5rQklRSGJIZl9jVFlfaWx2cnJyN0RBSTFub0NpN005QWdSaHhUanRVbkk1QkNscFZX", "uuid": "56811a3a211d2d894d1f44192b7635db", "data_ticket": "CO5P9RrWHhqxna8pMx1IDMh60vn4+a/ndG35UUNu3uFupes8TzlVQWUq3yB5d/QA", "bizuin": "3949376427", "data_bizuin": "3949376427", "slave_bizuin": "3949376427", "wxuin": "55889965802659", "rand_info": "CAESIHF5Nyjsnqeh4LEcMt/z+djpGUuG1RWwF9WXxV9d7vRF"}
cookies信息已保存到本地
开始爬取公众号：计算机与网络安全
历史文章总数为 2610
2610
正在翻页：-------------- 0 / 2610
20220622-172555
正在翻页：-------------- 5 / 2610
20220622-172646
正在翻页：-------------- 10 / 2610
20220622-172737
