2022-05-20 03:19:50 DEBUG debug 信息
2022-05-20 03:19:50 INFO info 信息
2022-05-20 03:19:50 WARNING warning 信息
2022-05-20 03:19:50 ERROR error 信息
2022-05-20 03:19:50 CRITICAL critial 信息
2022-05-20 03:19:51 DEBUG POST http://localhost:53384/session {"capabilities": {"firstMatch": [{}], "alwaysMatch": {"browserName": "chrome", "pageLoadStrategy": "normal", "goog:chromeOptions": {"extensions": [], "args": []}}}, "desiredCapabilities": {"browserName": "chrome", "pageLoadStrategy": "normal", "goog:chromeOptions": {"extensions": [], "args": []}}}
2022-05-20 03:19:51 DEBUG Starting new HTTP connection (1): localhost:53384
2022-05-20 03:19:53 DEBUG http://localhost:53384 "POST /session HTTP/1.1" 200 799
2022-05-20 03:19:53 DEBUG Finished Request
2022-05-20 03:19:53 DEBUG POST http://localhost:53384/session/6102a60e5a3385648a7461da346c806e/url {"url": "https://mp.weixin.qq.com/"}
2022-05-20 03:20:04 DEBUG http://localhost:53384 "POST /session/6102a60e5a3385648a7461da346c806e/url HTTP/1.1" 200 14
2022-05-20 03:20:04 DEBUG Finished Request
2022-05-20 03:20:19 DEBUG POST http://localhost:53384/session/6102a60e5a3385648a7461da346c806e/url {"url": "https://mp.weixin.qq.com/"}
2022-05-20 03:20:19 DEBUG http://localhost:53384 "POST /session/6102a60e5a3385648a7461da346c806e/url HTTP/1.1" 200 14
2022-05-20 03:20:19 DEBUG Finished Request
2022-05-20 03:20:19 DEBUG GET http://localhost:53384/session/6102a60e5a3385648a7461da346c806e/cookie {}
2022-05-20 03:20:19 DEBUG http://localhost:53384 "GET /session/6102a60e5a3385648a7461da346c806e/cookie HTTP/1.1" 200 433
2022-05-20 03:20:19 DEBUG Finished Request
2022-05-20 03:20:19 DEBUG Starting new HTTPS connection (1): mp.weixin.qq.com:443
2022-05-20 03:20:20 DEBUG https://mp.weixin.qq.com:443 "GET / HTTP/1.1" 200 13728
2022-05-20 03:20:28 DEBUG debug 信息
2022-05-20 03:20:28 INFO info 信息
2022-05-20 03:20:28 WARNING warning 信息
2022-05-20 03:20:28 ERROR error 信息
2022-05-20 03:20:28 CRITICAL critial 信息
2022-05-20 03:20:28 DEBUG POST http://localhost:53601/session {"capabilities": {"firstMatch": [{}], "alwaysMatch": {"browserName": "chrome", "pageLoadStrategy": "normal", "goog:chromeOptions": {"extensions": [], "args": []}}}, "desiredCapabilities": {"browserName": "chrome", "pageLoadStrategy": "normal", "goog:chromeOptions": {"extensions": [], "args": []}}}
2022-05-20 03:20:28 DEBUG Starting new HTTP connection (1): localhost:53601
2022-05-20 03:20:30 DEBUG http://localhost:53601 "POST /session HTTP/1.1" 200 799
2022-05-20 03:20:30 DEBUG Finished Request
2022-05-20 03:20:30 DEBUG POST http://localhost:53601/session/4b916f6990a4b4ca27c33680f1b77b1e/url {"url": "https://mp.weixin.qq.com/"}
2022-05-20 03:20:31 DEBUG http://localhost:53601 "POST /session/4b916f6990a4b4ca27c33680f1b77b1e/url HTTP/1.1" 200 14
2022-05-20 03:20:31 DEBUG Finished Request
2022-05-20 03:20:46 DEBUG POST http://localhost:53601/session/4b916f6990a4b4ca27c33680f1b77b1e/url {"url": "https://mp.weixin.qq.com/"}
2022-05-20 03:20:48 DEBUG http://localhost:53601 "POST /session/4b916f6990a4b4ca27c33680f1b77b1e/url HTTP/1.1" 200 14
2022-05-20 03:20:48 DEBUG Finished Request
2022-05-20 03:20:48 DEBUG GET http://localhost:53601/session/4b916f6990a4b4ca27c33680f1b77b1e/cookie {}
2022-05-20 03:20:48 DEBUG http://localhost:53601 "GET /session/4b916f6990a4b4ca27c33680f1b77b1e/cookie HTTP/1.1" 200 1906
2022-05-20 03:20:48 DEBUG Finished Request
2022-05-20 03:20:48 DEBUG Starting new HTTPS connection (1): mp.weixin.qq.com:443
2022-05-20 03:20:49 DEBUG https://mp.weixin.qq.com:443 "GET / HTTP/1.1" 302 15078
2022-05-20 03:20:50 DEBUG https://mp.weixin.qq.com:443 "GET /cgi-bin/home?t=home/index&lang=zh_CN&token=1584594670 HTTP/1.1" 200 61742
2022-05-20 03:20:50 DEBUG Starting new HTTPS connection (1): mp.weixin.qq.com:443
2022-05-20 03:20:51 DEBUG https://mp.weixin.qq.com:443 "GET /cgi-bin/searchbiz?action=search_biz&token=1584594670&lang=zh_CN&f=json&ajax=1&random=0.0896009600199531&query=%E8%AE%A1%E7%AE%97%E6%9C%BA%E4%B8%8E%E7%BD%91%E7%BB%9C%E5%AE%89%E5%85%A8&begin=0&count=5 HTTP/1.1" 200 1271
2022-05-20 03:20:51 DEBUG Starting new HTTPS connection (1): mp.weixin.qq.com:443
2022-05-20 03:20:52 DEBUG https://mp.weixin.qq.com:443 "GET /cgi-bin/appmsg?token=1584594670&lang=zh_CN&f=json&ajax=1&random=0.1109380977433001&action=list_ex&begin=0&count=5&query=&fakeid=MjM5OTk4MDE2MA%3D%3D&type=9 HTTP/1.1" 200 7706
2022-05-20 03:20:52 DEBUG Starting new HTTPS connection (1): mp.weixin.qq.com:443
2022-05-20 03:20:53 DEBUG https://mp.weixin.qq.com:443 "GET /cgi-bin/appmsg?token=1584594670&lang=zh_CN&f=json&ajax=1&random=0.48952891518963226&action=list_ex&begin=0&count=5&query=&fakeid=MjM5OTk4MDE2MA%3D%3D&type=9 HTTP/1.1" 200 7706
2022-05-20 03:21:26 DEBUG Starting new HTTPS connection (1): mp.weixin.qq.com:443
2022-05-20 03:21:27 DEBUG https://mp.weixin.qq.com:443 "GET /cgi-bin/appmsg?token=1584594670&lang=zh_CN&f=json&ajax=1&random=0.24226056306213473&action=list_ex&begin=5&count=5&query=&fakeid=MjM5OTk4MDE2MA%3D%3D&type=9 HTTP/1.1" 200 7838
2022-05-20 03:22:00 DEBUG Starting new HTTPS connection (1): mp.weixin.qq.com:443
2022-05-20 03:22:01 DEBUG https://mp.weixin.qq.com:443 "GET /cgi-bin/appmsg?token=1584594670&lang=zh_CN&f=json&ajax=1&random=0.8422877358543451&action=list_ex&begin=10&count=5&query=&fakeid=MjM5OTk4MDE2MA%3D%3D&type=9 HTTP/1.1" 200 6666
2022-05-20 03:22:34 DEBUG Starting new HTTPS connection (1): mp.weixin.qq.com:443
2022-05-20 03:22:35 DEBUG https://mp.weixin.qq.com:443 "GET /cgi-bin/appmsg?token=1584594670&lang=zh_CN&f=json&ajax=1&random=0.41050951804112357&action=list_ex&begin=15&count=5&query=&fakeid=MjM5OTk4MDE2MA%3D%3D&type=9 HTTP/1.1" 200 7239
2022-05-20 03:23:08 DEBUG Starting new HTTPS connection (1): mp.weixin.qq.com:443
2022-05-20 03:23:09 DEBUG https://mp.weixin.qq.com:443 "GET /cgi-bin/appmsg?token=1584594670&lang=zh_CN&f=json&ajax=1&random=0.369636516137796&action=list_ex&begin=20&count=5&query=&fakeid=MjM5OTk4MDE2MA%3D%3D&type=9 HTTP/1.1" 200 7004
2022-05-20 03:23:42 DEBUG Starting new HTTPS connection (1): mp.weixin.qq.com:443
2022-05-20 03:23:43 DEBUG https://mp.weixin.qq.com:443 "GET /cgi-bin/appmsg?token=1584594670&lang=zh_CN&f=json&ajax=1&random=0.553870489198179&action=list_ex&begin=25&count=5&query=&fakeid=MjM5OTk4MDE2MA%3D%3D&type=9 HTTP/1.1" 200 6744
2022-05-20 03:24:16 DEBUG Starting new HTTPS connection (1): mp.weixin.qq.com:443
2022-05-20 03:24:17 DEBUG https://mp.weixin.qq.com:443 "GET /cgi-bin/appmsg?token=1584594670&lang=zh_CN&f=json&ajax=1&random=0.36218094593428596&action=list_ex&begin=30&count=5&query=&fakeid=MjM5OTk4MDE2MA%3D%3D&type=9 HTTP/1.1" 200 7359
2022-05-20 03:24:50 DEBUG Starting new HTTPS connection (1): mp.weixin.qq.com:443
2022-05-20 03:24:51 DEBUG https://mp.weixin.qq.com:443 "GET /cgi-bin/appmsg?token=1584594670&lang=zh_CN&f=json&ajax=1&random=0.8541304577282514&action=list_ex&begin=35&count=5&query=&fakeid=MjM5OTk4MDE2MA%3D%3D&type=9 HTTP/1.1" 200 6968
2022-05-20 03:25:24 DEBUG Starting new HTTPS connection (1): mp.weixin.qq.com:443
2022-05-20 03:25:26 DEBUG https://mp.weixin.qq.com:443 "GET /cgi-bin/appmsg?token=1584594670&lang=zh_CN&f=json&ajax=1&random=0.22188360148724273&action=list_ex&begin=40&count=5&query=&fakeid=MjM5OTk4MDE2MA%3D%3D&type=9 HTTP/1.1" 200 7173
2022-05-20 03:25:59 DEBUG Starting new HTTPS connection (1): mp.weixin.qq.com:443
2022-05-20 03:26:00 DEBUG https://mp.weixin.qq.com:443 "GET /cgi-bin/appmsg?token=1584594670&lang=zh_CN&f=json&ajax=1&random=0.5132768540690137&action=list_ex&begin=45&count=5&query=&fakeid=MjM5OTk4MDE2MA%3D%3D&type=9 HTTP/1.1" 200 5822
2022-05-20 03:26:33 DEBUG Starting new HTTPS connection (1): mp.weixin.qq.com:443
2022-05-20 03:26:34 DEBUG https://mp.weixin.qq.com:443 "GET /cgi-bin/appmsg?token=1584594670&lang=zh_CN&f=json&ajax=1&random=0.8636918211596682&action=list_ex&begin=50&count=5&query=&fakeid=MjM5OTk4MDE2MA%3D%3D&type=9 HTTP/1.1" 200 6872
2022-05-20 03:27:07 DEBUG Starting new HTTPS connection (1): mp.weixin.qq.com:443
2022-05-20 03:27:08 DEBUG https://mp.weixin.qq.com:443 "GET /cgi-bin/appmsg?token=1584594670&lang=zh_CN&f=json&ajax=1&random=0.19492270359970287&action=list_ex&begin=55&count=5&query=&fakeid=MjM5OTk4MDE2MA%3D%3D&type=9 HTTP/1.1" 200 5719
2022-05-20 03:27:41 DEBUG Starting new HTTPS connection (1): mp.weixin.qq.com:443
2022-05-20 03:27:42 DEBUG https://mp.weixin.qq.com:443 "GET /cgi-bin/appmsg?token=1584594670&lang=zh_CN&f=json&ajax=1&random=0.7435177093165869&action=list_ex&begin=60&count=5&query=&fakeid=MjM5OTk4MDE2MA%3D%3D&type=9 HTTP/1.1" 200 5750
2022-05-20 03:28:15 DEBUG Starting new HTTPS connection (1): mp.weixin.qq.com:443
2022-05-20 03:28:16 DEBUG https://mp.weixin.qq.com:443 "GET /cgi-bin/appmsg?token=1584594670&lang=zh_CN&f=json&ajax=1&random=0.9286731591391038&action=list_ex&begin=65&count=5&query=&fakeid=MjM5OTk4MDE2MA%3D%3D&type=9 HTTP/1.1" 200 6367
2022-05-20 03:28:49 DEBUG Starting new HTTPS connection (1): mp.weixin.qq.com:443
2022-05-20 03:28:50 DEBUG https://mp.weixin.qq.com:443 "GET /cgi-bin/appmsg?token=1584594670&lang=zh_CN&f=json&ajax=1&random=0.30043144314577996&action=list_ex&begin=70&count=5&query=&fakeid=MjM5OTk4MDE2MA%3D%3D&type=9 HTTP/1.1" 200 6287
2022-05-20 03:29:23 DEBUG Starting new HTTPS connection (1): mp.weixin.qq.com:443
2022-05-20 03:29:24 DEBUG https://mp.weixin.qq.com:443 "GET /cgi-bin/appmsg?token=1584594670&lang=zh_CN&f=json&ajax=1&random=0.6432313750612502&action=list_ex&begin=75&count=5&query=&fakeid=MjM5OTk4MDE2MA%3D%3D&type=9 HTTP/1.1" 200 6052
2022-05-20 03:29:57 DEBUG Starting new HTTPS connection (1): mp.weixin.qq.com:443
2022-05-20 03:29:58 DEBUG https://mp.weixin.qq.com:443 "GET /cgi-bin/appmsg?token=1584594670&lang=zh_CN&f=json&ajax=1&random=0.3370811548485031&action=list_ex&begin=80&count=5&query=&fakeid=MjM5OTk4MDE2MA%3D%3D&type=9 HTTP/1.1" 200 6375
2022-05-20 03:30:31 DEBUG Starting new HTTPS connection (1): mp.weixin.qq.com:443
2022-05-20 03:30:32 DEBUG https://mp.weixin.qq.com:443 "GET /cgi-bin/appmsg?token=1584594670&lang=zh_CN&f=json&ajax=1&random=0.4567951155987714&action=list_ex&begin=85&count=5&query=&fakeid=MjM5OTk4MDE2MA%3D%3D&type=9 HTTP/1.1" 200 5657
2022-05-20 03:31:05 DEBUG Starting new HTTPS connection (1): mp.weixin.qq.com:443
2022-05-20 03:31:06 DEBUG https://mp.weixin.qq.com:443 "GET /cgi-bin/appmsg?token=1584594670&lang=zh_CN&f=json&ajax=1&random=0.5757120265150636&action=list_ex&begin=90&count=5&query=&fakeid=MjM5OTk4MDE2MA%3D%3D&type=9 HTTP/1.1" 200 6781
2022-05-20 03:31:39 DEBUG Starting new HTTPS connection (1): mp.weixin.qq.com:443
2022-05-20 03:31:41 DEBUG https://mp.weixin.qq.com:443 "GET /cgi-bin/appmsg?token=1584594670&lang=zh_CN&f=json&ajax=1&random=0.3491659011330829&action=list_ex&begin=95&count=5&query=&fakeid=MjM5OTk4MDE2MA%3D%3D&type=9 HTTP/1.1" 200 5900
2022-05-20 03:32:14 DEBUG Starting new HTTPS connection (1): mp.weixin.qq.com:443
2022-05-20 03:32:15 DEBUG https://mp.weixin.qq.com:443 "GET /cgi-bin/appmsg?token=1584594670&lang=zh_CN&f=json&ajax=1&random=0.8973959225831469&action=list_ex&begin=100&count=5&query=&fakeid=MjM5OTk4MDE2MA%3D%3D&type=9 HTTP/1.1" 200 6292
2022-05-20 03:32:48 DEBUG Starting new HTTPS connection (1): mp.weixin.qq.com:443
2022-05-20 03:32:49 DEBUG https://mp.weixin.qq.com:443 "GET /cgi-bin/appmsg?token=1584594670&lang=zh_CN&f=json&ajax=1&random=0.4875814182968442&action=list_ex&begin=105&count=5&query=&fakeid=MjM5OTk4MDE2MA%3D%3D&type=9 HTTP/1.1" 200 7248
2022-05-20 03:33:22 DEBUG Starting new HTTPS connection (1): mp.weixin.qq.com:443
2022-05-20 03:33:23 DEBUG https://mp.weixin.qq.com:443 "GET /cgi-bin/appmsg?token=1584594670&lang=zh_CN&f=json&ajax=1&random=0.21300224377620647&action=list_ex&begin=110&count=5&query=&fakeid=MjM5OTk4MDE2MA%3D%3D&type=9 HTTP/1.1" 200 7758
2022-05-20 03:33:56 DEBUG Starting new HTTPS connection (1): mp.weixin.qq.com:443
2022-05-20 03:33:57 DEBUG https://mp.weixin.qq.com:443 "GET /cgi-bin/appmsg?token=1584594670&lang=zh_CN&f=json&ajax=1&random=0.4520198581711298&action=list_ex&begin=115&count=5&query=&fakeid=MjM5OTk4MDE2MA%3D%3D&type=9 HTTP/1.1" 200 7439
2022-05-20 03:34:30 DEBUG Starting new HTTPS connection (1): mp.weixin.qq.com:443
2022-05-20 03:34:31 DEBUG https://mp.weixin.qq.com:443 "GET /cgi-bin/appmsg?token=1584594670&lang=zh_CN&f=json&ajax=1&random=0.8650661024385571&action=list_ex&begin=120&count=5&query=&fakeid=MjM5OTk4MDE2MA%3D%3D&type=9 HTTP/1.1" 200 7274
2022-05-20 03:35:04 DEBUG Starting new HTTPS connection (1): mp.weixin.qq.com:443
2022-05-20 03:35:05 DEBUG https://mp.weixin.qq.com:443 "GET /cgi-bin/appmsg?token=1584594670&lang=zh_CN&f=json&ajax=1&random=0.05224463485305153&action=list_ex&begin=125&count=5&query=&fakeid=MjM5OTk4MDE2MA%3D%3D&type=9 HTTP/1.1" 200 7461
2022-05-20 03:35:38 DEBUG Starting new HTTPS connection (1): mp.weixin.qq.com:443
2022-05-20 03:35:39 DEBUG https://mp.weixin.qq.com:443 "GET /cgi-bin/appmsg?token=1584594670&lang=zh_CN&f=json&ajax=1&random=0.4228967658318823&action=list_ex&begin=130&count=5&query=&fakeid=MjM5OTk4MDE2MA%3D%3D&type=9 HTTP/1.1" 200 7424
2022-05-20 03:36:12 DEBUG Starting new HTTPS connection (1): mp.weixin.qq.com:443
2022-05-20 03:36:13 DEBUG https://mp.weixin.qq.com:443 "GET /cgi-bin/appmsg?token=1584594670&lang=zh_CN&f=json&ajax=1&random=0.5658820581383149&action=list_ex&begin=135&count=5&query=&fakeid=MjM5OTk4MDE2MA%3D%3D&type=9 HTTP/1.1" 200 7699
2022-05-20 03:36:46 DEBUG Starting new HTTPS connection (1): mp.weixin.qq.com:443
2022-05-20 03:36:47 DEBUG https://mp.weixin.qq.com:443 "GET /cgi-bin/appmsg?token=1584594670&lang=zh_CN&f=json&ajax=1&random=0.6826800042026254&action=list_ex&begin=140&count=5&query=&fakeid=MjM5OTk4MDE2MA%3D%3D&type=9 HTTP/1.1" 200 7182
2022-05-20 03:37:20 DEBUG Starting new HTTPS connection (1): mp.weixin.qq.com:443
2022-05-20 03:37:21 DEBUG https://mp.weixin.qq.com:443 "GET /cgi-bin/appmsg?token=1584594670&lang=zh_CN&f=json&ajax=1&random=0.8913992138198246&action=list_ex&begin=145&count=5&query=&fakeid=MjM5OTk4MDE2MA%3D%3D&type=9 HTTP/1.1" 200 7605
2022-05-20 03:37:54 DEBUG Starting new HTTPS connection (1): mp.weixin.qq.com:443
2022-05-20 03:37:55 DEBUG https://mp.weixin.qq.com:443 "GET /cgi-bin/appmsg?token=1584594670&lang=zh_CN&f=json&ajax=1&random=0.8716770006199859&action=list_ex&begin=150&count=5&query=&fakeid=MjM5OTk4MDE2MA%3D%3D&type=9 HTTP/1.1" 200 7576
2022-05-20 03:38:28 DEBUG Starting new HTTPS connection (1): mp.weixin.qq.com:443
2022-05-20 03:38:29 DEBUG https://mp.weixin.qq.com:443 "GET /cgi-bin/appmsg?token=1584594670&lang=zh_CN&f=json&ajax=1&random=0.32141257115847854&action=list_ex&begin=155&count=5&query=&fakeid=MjM5OTk4MDE2MA%3D%3D&type=9 HTTP/1.1" 200 7640
2022-05-20 03:39:02 DEBUG Starting new HTTPS connection (1): mp.weixin.qq.com:443
2022-05-20 03:39:03 DEBUG https://mp.weixin.qq.com:443 "GET /cgi-bin/appmsg?token=1584594670&lang=zh_CN&f=json&ajax=1&random=0.6987949794511715&action=list_ex&begin=160&count=5&query=&fakeid=MjM5OTk4MDE2MA%3D%3D&type=9 HTTP/1.1" 200 7688
2022-05-20 03:39:36 DEBUG Starting new HTTPS connection (1): mp.weixin.qq.com:443
2022-05-20 03:39:37 DEBUG https://mp.weixin.qq.com:443 "GET /cgi-bin/appmsg?token=1584594670&lang=zh_CN&f=json&ajax=1&random=0.7943834351937493&action=list_ex&begin=165&count=5&query=&fakeid=MjM5OTk4MDE2MA%3D%3D&type=9 HTTP/1.1" 200 7738
2022-05-20 03:40:10 DEBUG Starting new HTTPS connection (1): mp.weixin.qq.com:443
2022-05-20 03:40:11 DEBUG https://mp.weixin.qq.com:443 "GET /cgi-bin/appmsg?token=1584594670&lang=zh_CN&f=json&ajax=1&random=0.48067967700720615&action=list_ex&begin=170&count=5&query=&fakeid=MjM5OTk4MDE2MA%3D%3D&type=9 HTTP/1.1" 200 7333
2022-05-20 03:40:44 DEBUG Starting new HTTPS connection (1): mp.weixin.qq.com:443
2022-05-20 03:40:45 DEBUG https://mp.weixin.qq.com:443 "GET /cgi-bin/appmsg?token=1584594670&lang=zh_CN&f=json&ajax=1&random=0.9915460391929742&action=list_ex&begin=175&count=5&query=&fakeid=MjM5OTk4MDE2MA%3D%3D&type=9 HTTP/1.1" 200 7595
2022-05-20 03:41:18 DEBUG Starting new HTTPS connection (1): mp.weixin.qq.com:443
2022-05-20 03:41:19 DEBUG https://mp.weixin.qq.com:443 "GET /cgi-bin/appmsg?token=1584594670&lang=zh_CN&f=json&ajax=1&random=0.6915272108282442&action=list_ex&begin=180&count=5&query=&fakeid=MjM5OTk4MDE2MA%3D%3D&type=9 HTTP/1.1" 200 7649
2022-05-20 03:41:52 DEBUG Starting new HTTPS connection (1): mp.weixin.qq.com:443
2022-05-20 03:41:53 DEBUG https://mp.weixin.qq.com:443 "GET /cgi-bin/appmsg?token=1584594670&lang=zh_CN&f=json&ajax=1&random=0.7219473983809082&action=list_ex&begin=185&count=5&query=&fakeid=MjM5OTk4MDE2MA%3D%3D&type=9 HTTP/1.1" 200 7326
2022-05-20 03:42:26 DEBUG Starting new HTTPS connection (1): mp.weixin.qq.com:443
2022-05-20 03:42:27 DEBUG https://mp.weixin.qq.com:443 "GET /cgi-bin/appmsg?token=1584594670&lang=zh_CN&f=json&ajax=1&random=0.2608051694630439&action=list_ex&begin=190&count=5&query=&fakeid=MjM5OTk4MDE2MA%3D%3D&type=9 HTTP/1.1" 200 7655
2022-05-20 03:43:00 DEBUG Starting new HTTPS connection (1): mp.weixin.qq.com:443
2022-05-20 03:43:01 DEBUG https://mp.weixin.qq.com:443 "GET /cgi-bin/appmsg?token=1584594670&lang=zh_CN&f=json&ajax=1&random=0.8072336586002158&action=list_ex&begin=195&count=5&query=&fakeid=MjM5OTk4MDE2MA%3D%3D&type=9 HTTP/1.1" 200 6062
2022-05-20 03:43:34 DEBUG Starting new HTTPS connection (1): mp.weixin.qq.com:443
2022-05-20 03:43:35 DEBUG https://mp.weixin.qq.com:443 "GET /cgi-bin/appmsg?token=1584594670&lang=zh_CN&f=json&ajax=1&random=0.9159848312498599&action=list_ex&begin=200&count=5&query=&fakeid=MjM5OTk4MDE2MA%3D%3D&type=9 HTTP/1.1" 200 6325
2022-05-20 03:44:08 DEBUG Starting new HTTPS connection (1): mp.weixin.qq.com:443
2022-05-20 03:44:09 DEBUG https://mp.weixin.qq.com:443 "GET /cgi-bin/appmsg?token=1584594670&lang=zh_CN&f=json&ajax=1&random=0.23357109244509688&action=list_ex&begin=205&count=5&query=&fakeid=MjM5OTk4MDE2MA%3D%3D&type=9 HTTP/1.1" 200 6270
2022-05-20 03:44:42 DEBUG Starting new HTTPS connection (1): mp.weixin.qq.com:443
2022-05-20 03:44:43 DEBUG https://mp.weixin.qq.com:443 "GET /cgi-bin/appmsg?token=1584594670&lang=zh_CN&f=json&ajax=1&random=0.5678190677602167&action=list_ex&begin=210&count=5&query=&fakeid=MjM5OTk4MDE2MA%3D%3D&type=9 HTTP/1.1" 200 6389
2022-05-20 03:45:16 DEBUG Starting new HTTPS connection (1): mp.weixin.qq.com:443
2022-05-20 03:45:17 DEBUG https://mp.weixin.qq.com:443 "GET /cgi-bin/appmsg?token=1584594670&lang=zh_CN&f=json&ajax=1&random=0.7069284339398274&action=list_ex&begin=215&count=5&query=&fakeid=MjM5OTk4MDE2MA%3D%3D&type=9 HTTP/1.1" 200 6378
2022-05-20 03:45:50 DEBUG Starting new HTTPS connection (1): mp.weixin.qq.com:443
2022-05-20 03:45:51 DEBUG https://mp.weixin.qq.com:443 "GET /cgi-bin/appmsg?token=1584594670&lang=zh_CN&f=json&ajax=1&random=0.9980636546500599&action=list_ex&begin=220&count=5&query=&fakeid=MjM5OTk4MDE2MA%3D%3D&type=9 HTTP/1.1" 200 5230
2022-05-20 03:46:24 DEBUG Starting new HTTPS connection (1): mp.weixin.qq.com:443
2022-05-20 03:46:25 DEBUG https://mp.weixin.qq.com:443 "GET /cgi-bin/appmsg?token=1584594670&lang=zh_CN&f=json&ajax=1&random=0.6400895535616562&action=list_ex&begin=225&count=5&query=&fakeid=MjM5OTk4MDE2MA%3D%3D&type=9 HTTP/1.1" 200 6085
2022-05-20 03:46:58 DEBUG Starting new HTTPS connection (1): mp.weixin.qq.com:443
2022-05-20 03:46:59 DEBUG https://mp.weixin.qq.com:443 "GET /cgi-bin/appmsg?token=1584594670&lang=zh_CN&f=json&ajax=1&random=0.26171448210974046&action=list_ex&begin=230&count=5&query=&fakeid=MjM5OTk4MDE2MA%3D%3D&type=9 HTTP/1.1" 200 5269
2022-05-20 03:47:33 DEBUG Starting new HTTPS connection (1): mp.weixin.qq.com:443
2022-05-20 03:47:33 DEBUG https://mp.weixin.qq.com:443 "GET /cgi-bin/appmsg?token=1584594670&lang=zh_CN&f=json&ajax=1&random=0.1188485391034817&action=list_ex&begin=235&count=5&query=&fakeid=MjM5OTk4MDE2MA%3D%3D&type=9 HTTP/1.1" 200 5311
2022-05-20 03:48:06 DEBUG Starting new HTTPS connection (1): mp.weixin.qq.com:443
2022-05-20 03:48:07 DEBUG https://mp.weixin.qq.com:443 "GET /cgi-bin/appmsg?token=1584594670&lang=zh_CN&f=json&ajax=1&random=0.9040581665240797&action=list_ex&begin=240&count=5&query=&fakeid=MjM5OTk4MDE2MA%3D%3D&type=9 HTTP/1.1" 200 5346
2022-05-20 03:48:40 DEBUG Starting new HTTPS connection (1): mp.weixin.qq.com:443
2022-05-20 03:48:41 DEBUG https://mp.weixin.qq.com:443 "GET /cgi-bin/appmsg?token=1584594670&lang=zh_CN&f=json&ajax=1&random=0.35577358363024925&action=list_ex&begin=245&count=5&query=&fakeid=MjM5OTk4MDE2MA%3D%3D&type=9 HTTP/1.1" 200 5278
2022-05-20 03:49:14 DEBUG Starting new HTTPS connection (1): mp.weixin.qq.com:443
2022-05-20 03:49:15 DEBUG https://mp.weixin.qq.com:443 "GET /cgi-bin/appmsg?token=1584594670&lang=zh_CN&f=json&ajax=1&random=0.6662165783536952&action=list_ex&begin=250&count=5&query=&fakeid=MjM5OTk4MDE2MA%3D%3D&type=9 HTTP/1.1" 200 5262
2022-05-20 03:49:48 DEBUG Starting new HTTPS connection (1): mp.weixin.qq.com:443
2022-05-20 03:49:49 DEBUG https://mp.weixin.qq.com:443 "GET /cgi-bin/appmsg?token=1584594670&lang=zh_CN&f=json&ajax=1&random=0.8346105193203803&action=list_ex&begin=255&count=5&query=&fakeid=MjM5OTk4MDE2MA%3D%3D&type=9 HTTP/1.1" 200 5782
2022-05-20 03:50:22 DEBUG Starting new HTTPS connection (1): mp.weixin.qq.com:443
2022-05-20 03:50:23 DEBUG https://mp.weixin.qq.com:443 "GET /cgi-bin/appmsg?token=1584594670&lang=zh_CN&f=json&ajax=1&random=0.9787767508586419&action=list_ex&begin=260&count=5&query=&fakeid=MjM5OTk4MDE2MA%3D%3D&type=9 HTTP/1.1" 200 5382
2022-05-20 03:50:56 DEBUG Starting new HTTPS connection (1): mp.weixin.qq.com:443
2022-05-20 03:50:57 DEBUG https://mp.weixin.qq.com:443 "GET /cgi-bin/appmsg?token=1584594670&lang=zh_CN&f=json&ajax=1&random=0.5906250888498251&action=list_ex&begin=265&count=5&query=&fakeid=MjM5OTk4MDE2MA%3D%3D&type=9 HTTP/1.1" 200 5443
2022-05-20 03:51:30 DEBUG Starting new HTTPS connection (1): mp.weixin.qq.com:443
2022-05-20 03:51:31 DEBUG https://mp.weixin.qq.com:443 "GET /cgi-bin/appmsg?token=1584594670&lang=zh_CN&f=json&ajax=1&random=0.5470143152054606&action=list_ex&begin=270&count=5&query=&fakeid=MjM5OTk4MDE2MA%3D%3D&type=9 HTTP/1.1" 200 5141
2022-05-20 03:52:04 DEBUG Starting new HTTPS connection (1): mp.weixin.qq.com:443
2022-05-20 03:52:05 DEBUG https://mp.weixin.qq.com:443 "GET /cgi-bin/appmsg?token=1584594670&lang=zh_CN&f=json&ajax=1&random=0.05375866365426163&action=list_ex&begin=275&count=5&query=&fakeid=MjM5OTk4MDE2MA%3D%3D&type=9 HTTP/1.1" 200 5003
2022-05-20 03:52:38 DEBUG Starting new HTTPS connection (1): mp.weixin.qq.com:443
2022-05-20 03:52:39 DEBUG https://mp.weixin.qq.com:443 "GET /cgi-bin/appmsg?token=1584594670&lang=zh_CN&f=json&ajax=1&random=0.5844614115345451&action=list_ex&begin=280&count=5&query=&fakeid=MjM5OTk4MDE2MA%3D%3D&type=9 HTTP/1.1" 200 4997
2022-05-20 03:53:12 DEBUG Starting new HTTPS connection (1): mp.weixin.qq.com:443
2022-05-20 03:53:13 DEBUG https://mp.weixin.qq.com:443 "GET /cgi-bin/appmsg?token=1584594670&lang=zh_CN&f=json&ajax=1&random=0.7350727378101534&action=list_ex&begin=285&count=5&query=&fakeid=MjM5OTk4MDE2MA%3D%3D&type=9 HTTP/1.1" 200 5694
2022-05-20 03:53:46 DEBUG Starting new HTTPS connection (1): mp.weixin.qq.com:443
2022-05-20 03:53:47 DEBUG https://mp.weixin.qq.com:443 "GET /cgi-bin/appmsg?token=1584594670&lang=zh_CN&f=json&ajax=1&random=0.8235958756039812&action=list_ex&begin=290&count=5&query=&fakeid=MjM5OTk4MDE2MA%3D%3D&type=9 HTTP/1.1" 200 5505
2022-05-20 03:54:20 DEBUG Starting new HTTPS connection (1): mp.weixin.qq.com:443
2022-05-20 03:54:21 DEBUG https://mp.weixin.qq.com:443 "GET /cgi-bin/appmsg?token=1584594670&lang=zh_CN&f=json&ajax=1&random=0.6612870340764351&action=list_ex&begin=295&count=5&query=&fakeid=MjM5OTk4MDE2MA%3D%3D&type=9 HTTP/1.1" 200 5176
2022-05-20 03:54:54 DEBUG Starting new HTTPS connection (1): mp.weixin.qq.com:443
2022-05-20 03:54:54 DEBUG https://mp.weixin.qq.com:443 "GET /cgi-bin/appmsg?token=1584594670&lang=zh_CN&f=json&ajax=1&random=0.4231116884373901&action=list_ex&begin=300&count=5&query=&fakeid=MjM5OTk4MDE2MA%3D%3D&type=9 HTTP/1.1" 200 5252
2022-05-20 03:55:28 DEBUG Starting new HTTPS connection (1): mp.weixin.qq.com:443
2022-05-20 03:55:28 DEBUG https://mp.weixin.qq.com:443 "GET /cgi-bin/appmsg?token=1584594670&lang=zh_CN&f=json&ajax=1&random=0.20142774293421917&action=list_ex&begin=305&count=5&query=&fakeid=MjM5OTk4MDE2MA%3D%3D&type=9 HTTP/1.1" 200 4113
2022-05-20 03:56:01 DEBUG Starting new HTTPS connection (1): mp.weixin.qq.com:443
2022-05-20 03:56:02 DEBUG https://mp.weixin.qq.com:443 "GET /cgi-bin/appmsg?token=1584594670&lang=zh_CN&f=json&ajax=1&random=0.14040230396486897&action=list_ex&begin=310&count=5&query=&fakeid=MjM5OTk4MDE2MA%3D%3D&type=9 HTTP/1.1" 200 5003
2022-05-20 03:56:35 DEBUG Starting new HTTPS connection (1): mp.weixin.qq.com:443
2022-05-20 03:56:36 DEBUG https://mp.weixin.qq.com:443 "GET /cgi-bin/appmsg?token=1584594670&lang=zh_CN&f=json&ajax=1&random=0.7828867059111417&action=list_ex&begin=315&count=5&query=&fakeid=MjM5OTk4MDE2MA%3D%3D&type=9 HTTP/1.1" 200 4639
2022-05-20 03:57:09 DEBUG Starting new HTTPS connection (1): mp.weixin.qq.com:443
2022-05-20 03:57:10 DEBUG https://mp.weixin.qq.com:443 "GET /cgi-bin/appmsg?token=1584594670&lang=zh_CN&f=json&ajax=1&random=0.8847983972756644&action=list_ex&begin=320&count=5&query=&fakeid=MjM5OTk4MDE2MA%3D%3D&type=9 HTTP/1.1" 200 4689
2022-05-20 03:57:43 DEBUG Starting new HTTPS connection (1): mp.weixin.qq.com:443
2022-05-20 03:57:44 DEBUG https://mp.weixin.qq.com:443 "GET /cgi-bin/appmsg?token=1584594670&lang=zh_CN&f=json&ajax=1&random=0.5398391981302937&action=list_ex&begin=325&count=5&query=&fakeid=MjM5OTk4MDE2MA%3D%3D&type=9 HTTP/1.1" 200 4485
2022-05-20 03:58:17 DEBUG Starting new HTTPS connection (1): mp.weixin.qq.com:443
2022-05-20 03:58:18 DEBUG https://mp.weixin.qq.com:443 "GET /cgi-bin/appmsg?token=1584594670&lang=zh_CN&f=json&ajax=1&random=0.6860319798035608&action=list_ex&begin=330&count=5&query=&fakeid=MjM5OTk4MDE2MA%3D%3D&type=9 HTTP/1.1" 200 4734
2022-05-20 03:58:51 DEBUG Starting new HTTPS connection (1): mp.weixin.qq.com:443
2022-05-20 03:58:52 DEBUG https://mp.weixin.qq.com:443 "GET /cgi-bin/appmsg?token=1584594670&lang=zh_CN&f=json&ajax=1&random=0.6245058606736033&action=list_ex&begin=335&count=5&query=&fakeid=MjM5OTk4MDE2MA%3D%3D&type=9 HTTP/1.1" 200 5173
2022-05-20 03:59:25 DEBUG Starting new HTTPS connection (1): mp.weixin.qq.com:443
2022-05-20 03:59:26 DEBUG https://mp.weixin.qq.com:443 "GET /cgi-bin/appmsg?token=1584594670&lang=zh_CN&f=json&ajax=1&random=0.08205771217565383&action=list_ex&begin=340&count=5&query=&fakeid=MjM5OTk4MDE2MA%3D%3D&type=9 HTTP/1.1" 200 4970
2022-05-20 03:59:59 DEBUG Starting new HTTPS connection (1): mp.weixin.qq.com:443
2022-05-20 04:00:00 DEBUG https://mp.weixin.qq.com:443 "GET /cgi-bin/appmsg?token=1584594670&lang=zh_CN&f=json&ajax=1&random=0.18636134756896394&action=list_ex&begin=345&count=5&query=&fakeid=MjM5OTk4MDE2MA%3D%3D&type=9 HTTP/1.1" 200 4721
2022-05-20 04:00:33 DEBUG Starting new HTTPS connection (1): mp.weixin.qq.com:443
2022-05-20 04:00:34 DEBUG https://mp.weixin.qq.com:443 "GET /cgi-bin/appmsg?token=1584594670&lang=zh_CN&f=json&ajax=1&random=0.20282106169670622&action=list_ex&begin=350&count=5&query=&fakeid=MjM5OTk4MDE2MA%3D%3D&type=9 HTTP/1.1" 200 5040
2022-05-20 04:01:07 DEBUG Starting new HTTPS connection (1): mp.weixin.qq.com:443
2022-05-20 04:01:07 DEBUG https://mp.weixin.qq.com:443 "GET /cgi-bin/appmsg?token=1584594670&lang=zh_CN&f=json&ajax=1&random=0.5242071048191274&action=list_ex&begin=355&count=5&query=&fakeid=MjM5OTk4MDE2MA%3D%3D&type=9 HTTP/1.1" 200 5284
2022-05-20 04:01:40 DEBUG Starting new HTTPS connection (1): mp.weixin.qq.com:443
2022-05-20 04:01:41 DEBUG https://mp.weixin.qq.com:443 "GET /cgi-bin/appmsg?token=1584594670&lang=zh_CN&f=json&ajax=1&random=0.5737771256915938&action=list_ex&begin=360&count=5&query=&fakeid=MjM5OTk4MDE2MA%3D%3D&type=9 HTTP/1.1" 200 4584
2022-05-20 04:02:14 DEBUG Starting new HTTPS connection (1): mp.weixin.qq.com:443
2022-05-20 04:02:15 DEBUG https://mp.weixin.qq.com:443 "GET /cgi-bin/appmsg?token=1584594670&lang=zh_CN&f=json&ajax=1&random=0.9011654089853994&action=list_ex&begin=365&count=5&query=&fakeid=MjM5OTk4MDE2MA%3D%3D&type=9 HTTP/1.1" 200 3827
2022-05-20 04:02:48 DEBUG Starting new HTTPS connection (1): mp.weixin.qq.com:443
2022-05-20 04:02:49 DEBUG https://mp.weixin.qq.com:443 "GET /cgi-bin/appmsg?token=1584594670&lang=zh_CN&f=json&ajax=1&random=0.6794988113597286&action=list_ex&begin=370&count=5&query=&fakeid=MjM5OTk4MDE2MA%3D%3D&type=9 HTTP/1.1" 200 4252
2022-05-20 04:03:22 DEBUG Starting new HTTPS connection (1): mp.weixin.qq.com:443
2022-05-20 04:03:23 DEBUG https://mp.weixin.qq.com:443 "GET /cgi-bin/appmsg?token=1584594670&lang=zh_CN&f=json&ajax=1&random=0.2177071705813881&action=list_ex&begin=375&count=5&query=&fakeid=MjM5OTk4MDE2MA%3D%3D&type=9 HTTP/1.1" 200 4074
2022-05-20 04:03:56 DEBUG Starting new HTTPS connection (1): mp.weixin.qq.com:443
2022-05-20 04:03:57 DEBUG https://mp.weixin.qq.com:443 "GET /cgi-bin/appmsg?token=1584594670&lang=zh_CN&f=json&ajax=1&random=0.2830687846910892&action=list_ex&begin=380&count=5&query=&fakeid=MjM5OTk4MDE2MA%3D%3D&type=9 HTTP/1.1" 200 4300
2022-05-20 04:04:30 DEBUG Starting new HTTPS connection (1): mp.weixin.qq.com:443
2022-05-20 04:04:31 DEBUG https://mp.weixin.qq.com:443 "GET /cgi-bin/appmsg?token=1584594670&lang=zh_CN&f=json&ajax=1&random=0.4805995472471599&action=list_ex&begin=385&count=5&query=&fakeid=MjM5OTk4MDE2MA%3D%3D&type=9 HTTP/1.1" 200 4058
2022-05-20 04:05:04 DEBUG Starting new HTTPS connection (1): mp.weixin.qq.com:443
2022-05-20 04:05:04 DEBUG https://mp.weixin.qq.com:443 "GET /cgi-bin/appmsg?token=1584594670&lang=zh_CN&f=json&ajax=1&random=0.5553035011165196&action=list_ex&begin=390&count=5&query=&fakeid=MjM5OTk4MDE2MA%3D%3D&type=9 HTTP/1.1" 200 4080
2022-05-20 04:05:38 DEBUG Starting new HTTPS connection (1): mp.weixin.qq.com:443
2022-05-20 04:05:38 DEBUG https://mp.weixin.qq.com:443 "GET /cgi-bin/appmsg?token=1584594670&lang=zh_CN&f=json&ajax=1&random=0.4088091347231759&action=list_ex&begin=395&count=5&query=&fakeid=MjM5OTk4MDE2MA%3D%3D&type=9 HTTP/1.1" 200 4338
2022-05-20 04:06:11 DEBUG Starting new HTTPS connection (1): mp.weixin.qq.com:443
2022-05-20 04:06:12 DEBUG https://mp.weixin.qq.com:443 "GET /cgi-bin/appmsg?token=1584594670&lang=zh_CN&f=json&ajax=1&random=0.6416154876285622&action=list_ex&begin=400&count=5&query=&fakeid=MjM5OTk4MDE2MA%3D%3D&type=9 HTTP/1.1" 200 3971
2022-05-20 04:06:45 DEBUG Starting new HTTPS connection (1): mp.weixin.qq.com:443
2022-05-20 04:06:46 DEBUG https://mp.weixin.qq.com:443 "GET /cgi-bin/appmsg?token=1584594670&lang=zh_CN&f=json&ajax=1&random=0.07448534854656685&action=list_ex&begin=405&count=5&query=&fakeid=MjM5OTk4MDE2MA%3D%3D&type=9 HTTP/1.1" 200 3965
2022-05-20 04:07:19 DEBUG Starting new HTTPS connection (1): mp.weixin.qq.com:443
2022-05-20 04:07:20 DEBUG https://mp.weixin.qq.com:443 "GET /cgi-bin/appmsg?token=1584594670&lang=zh_CN&f=json&ajax=1&random=0.6780404165232278&action=list_ex&begin=410&count=5&query=&fakeid=MjM5OTk4MDE2MA%3D%3D&type=9 HTTP/1.1" 200 4161
2022-05-20 04:07:53 DEBUG Starting new HTTPS connection (1): mp.weixin.qq.com:443
2022-05-20 04:07:53 DEBUG https://mp.weixin.qq.com:443 "GET /cgi-bin/appmsg?token=1584594670&lang=zh_CN&f=json&ajax=1&random=0.715326675658925&action=list_ex&begin=415&count=5&query=&fakeid=MjM5OTk4MDE2MA%3D%3D&type=9 HTTP/1.1" 200 4068
2022-05-20 04:08:26 DEBUG Starting new HTTPS connection (1): mp.weixin.qq.com:443
2022-05-20 04:08:27 DEBUG https://mp.weixin.qq.com:443 "GET /cgi-bin/appmsg?token=1584594670&lang=zh_CN&f=json&ajax=1&random=0.1663330810297441&action=list_ex&begin=420&count=5&query=&fakeid=MjM5OTk4MDE2MA%3D%3D&type=9 HTTP/1.1" 200 4209
2022-05-20 04:09:00 DEBUG Starting new HTTPS connection (1): mp.weixin.qq.com:443
2022-05-20 04:09:01 DEBUG https://mp.weixin.qq.com:443 "GET /cgi-bin/appmsg?token=1584594670&lang=zh_CN&f=json&ajax=1&random=0.48633692120503513&action=list_ex&begin=425&count=5&query=&fakeid=MjM5OTk4MDE2MA%3D%3D&type=9 HTTP/1.1" 200 4238
2022-05-20 04:09:34 DEBUG Starting new HTTPS connection (1): mp.weixin.qq.com:443
2022-05-20 04:09:35 DEBUG https://mp.weixin.qq.com:443 "GET /cgi-bin/appmsg?token=1584594670&lang=zh_CN&f=json&ajax=1&random=0.6926947570865167&action=list_ex&begin=430&count=5&query=&fakeid=MjM5OTk4MDE2MA%3D%3D&type=9 HTTP/1.1" 200 4252
2022-05-20 04:10:08 DEBUG Starting new HTTPS connection (1): mp.weixin.qq.com:443
2022-05-20 04:10:09 DEBUG https://mp.weixin.qq.com:443 "GET /cgi-bin/appmsg?token=1584594670&lang=zh_CN&f=json&ajax=1&random=0.5202225344327501&action=list_ex&begin=435&count=5&query=&fakeid=MjM5OTk4MDE2MA%3D%3D&type=9 HTTP/1.1" 200 3977
2022-05-20 04:10:42 DEBUG Starting new HTTPS connection (1): mp.weixin.qq.com:443
2022-05-20 04:10:43 DEBUG https://mp.weixin.qq.com:443 "GET /cgi-bin/appmsg?token=1584594670&lang=zh_CN&f=json&ajax=1&random=0.10547262091383292&action=list_ex&begin=440&count=5&query=&fakeid=MjM5OTk4MDE2MA%3D%3D&type=9 HTTP/1.1" 200 4020
2022-05-20 04:11:16 DEBUG Starting new HTTPS connection (1): mp.weixin.qq.com:443
2022-05-20 04:11:16 DEBUG https://mp.weixin.qq.com:443 "GET /cgi-bin/appmsg?token=1584594670&lang=zh_CN&f=json&ajax=1&random=0.9801723723144653&action=list_ex&begin=445&count=5&query=&fakeid=MjM5OTk4MDE2MA%3D%3D&type=9 HTTP/1.1" 200 4603
2022-05-20 04:11:49 DEBUG Starting new HTTPS connection (1): mp.weixin.qq.com:443
2022-05-20 04:11:50 DEBUG https://mp.weixin.qq.com:443 "GET /cgi-bin/appmsg?token=1584594670&lang=zh_CN&f=json&ajax=1&random=0.16792174864277687&action=list_ex&begin=450&count=5&query=&fakeid=MjM5OTk4MDE2MA%3D%3D&type=9 HTTP/1.1" 200 4226
2022-05-20 04:12:23 DEBUG Starting new HTTPS connection (1): mp.weixin.qq.com:443
2022-05-20 04:12:24 DEBUG https://mp.weixin.qq.com:443 "GET /cgi-bin/appmsg?token=1584594670&lang=zh_CN&f=json&ajax=1&random=0.08989565625770712&action=list_ex&begin=455&count=5&query=&fakeid=MjM5OTk4MDE2MA%3D%3D&type=9 HTTP/1.1" 200 3810
2022-05-20 04:12:57 DEBUG Starting new HTTPS connection (1): mp.weixin.qq.com:443
2022-05-20 04:12:58 DEBUG https://mp.weixin.qq.com:443 "GET /cgi-bin/appmsg?token=1584594670&lang=zh_CN&f=json&ajax=1&random=0.2729495615443023&action=list_ex&begin=460&count=5&query=&fakeid=MjM5OTk4MDE2MA%3D%3D&type=9 HTTP/1.1" 200 4260
2022-05-20 04:13:31 DEBUG Starting new HTTPS connection (1): mp.weixin.qq.com:443
2022-05-20 04:13:32 DEBUG https://mp.weixin.qq.com:443 "GET /cgi-bin/appmsg?token=1584594670&lang=zh_CN&f=json&ajax=1&random=0.3561809783395662&action=list_ex&begin=465&count=5&query=&fakeid=MjM5OTk4MDE2MA%3D%3D&type=9 HTTP/1.1" 200 4455
2022-05-20 04:14:05 DEBUG Starting new HTTPS connection (1): mp.weixin.qq.com:443
2022-05-20 04:14:06 DEBUG https://mp.weixin.qq.com:443 "GET /cgi-bin/appmsg?token=1584594670&lang=zh_CN&f=json&ajax=1&random=0.8683624670003864&action=list_ex&begin=470&count=5&query=&fakeid=MjM5OTk4MDE2MA%3D%3D&type=9 HTTP/1.1" 200 4099
2022-05-20 04:14:39 DEBUG Starting new HTTPS connection (1): mp.weixin.qq.com:443
2022-05-20 04:14:40 DEBUG https://mp.weixin.qq.com:443 "GET /cgi-bin/appmsg?token=1584594670&lang=zh_CN&f=json&ajax=1&random=0.01204873527630368&action=list_ex&begin=475&count=5&query=&fakeid=MjM5OTk4MDE2MA%3D%3D&type=9 HTTP/1.1" 200 4229
2022-05-20 04:15:13 DEBUG Starting new HTTPS connection (1): mp.weixin.qq.com:443
2022-05-20 04:15:14 DEBUG https://mp.weixin.qq.com:443 "GET /cgi-bin/appmsg?token=1584594670&lang=zh_CN&f=json&ajax=1&random=0.968047391278653&action=list_ex&begin=480&count=5&query=&fakeid=MjM5OTk4MDE2MA%3D%3D&type=9 HTTP/1.1" 200 3887
2022-05-20 04:15:47 DEBUG Starting new HTTPS connection (1): mp.weixin.qq.com:443
2022-05-20 04:15:47 DEBUG https://mp.weixin.qq.com:443 "GET /cgi-bin/appmsg?token=1584594670&lang=zh_CN&f=json&ajax=1&random=0.585654515284962&action=list_ex&begin=485&count=5&query=&fakeid=MjM5OTk4MDE2MA%3D%3D&type=9 HTTP/1.1" 200 4403
2022-05-20 04:16:21 DEBUG Starting new HTTPS connection (1): mp.weixin.qq.com:443
2022-05-20 04:16:21 DEBUG https://mp.weixin.qq.com:443 "GET /cgi-bin/appmsg?token=1584594670&lang=zh_CN&f=json&ajax=1&random=0.03094852471052867&action=list_ex&begin=490&count=5&query=&fakeid=MjM5OTk4MDE2MA%3D%3D&type=9 HTTP/1.1" 200 4073
2022-05-20 04:16:54 DEBUG Starting new HTTPS connection (1): mp.weixin.qq.com:443
2022-05-20 04:16:55 DEBUG https://mp.weixin.qq.com:443 "GET /cgi-bin/appmsg?token=1584594670&lang=zh_CN&f=json&ajax=1&random=0.3044063977608662&action=list_ex&begin=495&count=5&query=&fakeid=MjM5OTk4MDE2MA%3D%3D&type=9 HTTP/1.1" 200 4320
2022-05-20 04:17:28 DEBUG Starting new HTTPS connection (1): mp.weixin.qq.com:443
2022-05-20 04:17:29 DEBUG https://mp.weixin.qq.com:443 "GET /cgi-bin/appmsg?token=1584594670&lang=zh_CN&f=json&ajax=1&random=0.46396721859927337&action=list_ex&begin=500&count=5&query=&fakeid=MjM5OTk4MDE2MA%3D%3D&type=9 HTTP/1.1" 200 3776
2022-05-20 04:18:02 DEBUG Starting new HTTPS connection (1): mp.weixin.qq.com:443
2022-05-20 04:18:03 DEBUG https://mp.weixin.qq.com:443 "GET /cgi-bin/appmsg?token=1584594670&lang=zh_CN&f=json&ajax=1&random=0.41476691914263797&action=list_ex&begin=505&count=5&query=&fakeid=MjM5OTk4MDE2MA%3D%3D&type=9 HTTP/1.1" 200 4228
2022-05-20 04:18:36 DEBUG Starting new HTTPS connection (1): mp.weixin.qq.com:443
2022-05-20 04:18:37 DEBUG https://mp.weixin.qq.com:443 "GET /cgi-bin/appmsg?token=1584594670&lang=zh_CN&f=json&ajax=1&random=0.6866448746831976&action=list_ex&begin=510&count=5&query=&fakeid=MjM5OTk4MDE2MA%3D%3D&type=9 HTTP/1.1" 200 4060
2022-05-20 04:19:10 DEBUG Starting new HTTPS connection (1): mp.weixin.qq.com:443
2022-05-20 04:19:11 DEBUG https://mp.weixin.qq.com:443 "GET /cgi-bin/appmsg?token=1584594670&lang=zh_CN&f=json&ajax=1&random=0.5905948147347129&action=list_ex&begin=515&count=5&query=&fakeid=MjM5OTk4MDE2MA%3D%3D&type=9 HTTP/1.1" 200 4076
2022-05-20 04:19:44 DEBUG Starting new HTTPS connection (1): mp.weixin.qq.com:443
2022-05-20 04:19:45 DEBUG https://mp.weixin.qq.com:443 "GET /cgi-bin/appmsg?token=1584594670&lang=zh_CN&f=json&ajax=1&random=0.2063039927272936&action=list_ex&begin=520&count=5&query=&fakeid=MjM5OTk4MDE2MA%3D%3D&type=9 HTTP/1.1" 200 4104
2022-05-20 04:20:18 DEBUG Starting new HTTPS connection (1): mp.weixin.qq.com:443
2022-05-20 04:20:19 DEBUG https://mp.weixin.qq.com:443 "GET /cgi-bin/appmsg?token=1584594670&lang=zh_CN&f=json&ajax=1&random=0.0011499048660948974&action=list_ex&begin=525&count=5&query=&fakeid=MjM5OTk4MDE2MA%3D%3D&type=9 HTTP/1.1" 200 4216
2022-05-20 04:20:52 DEBUG Starting new HTTPS connection (1): mp.weixin.qq.com:443
2022-05-20 04:20:53 DEBUG https://mp.weixin.qq.com:443 "GET /cgi-bin/appmsg?token=1584594670&lang=zh_CN&f=json&ajax=1&random=0.7732548119670763&action=list_ex&begin=530&count=5&query=&fakeid=MjM5OTk4MDE2MA%3D%3D&type=9 HTTP/1.1" 200 3908
2022-05-20 04:21:26 DEBUG Starting new HTTPS connection (1): mp.weixin.qq.com:443
2022-05-20 04:21:27 DEBUG https://mp.weixin.qq.com:443 "GET /cgi-bin/appmsg?token=1584594670&lang=zh_CN&f=json&ajax=1&random=0.7781781912861425&action=list_ex&begin=535&count=5&query=&fakeid=MjM5OTk4MDE2MA%3D%3D&type=9 HTTP/1.1" 200 4126
2022-05-20 04:22:00 DEBUG Starting new HTTPS connection (1): mp.weixin.qq.com:443
2022-05-20 04:22:00 DEBUG https://mp.weixin.qq.com:443 "GET /cgi-bin/appmsg?token=1584594670&lang=zh_CN&f=json&ajax=1&random=0.59465503470706&action=list_ex&begin=540&count=5&query=&fakeid=MjM5OTk4MDE2MA%3D%3D&type=9 HTTP/1.1" 200 3738
2022-05-20 04:22:33 DEBUG Starting new HTTPS connection (1): mp.weixin.qq.com:443
2022-05-20 04:22:34 DEBUG https://mp.weixin.qq.com:443 "GET /cgi-bin/appmsg?token=1584594670&lang=zh_CN&f=json&ajax=1&random=0.6343906325241904&action=list_ex&begin=545&count=5&query=&fakeid=MjM5OTk4MDE2MA%3D%3D&type=9 HTTP/1.1" 200 3619
2022-05-20 04:23:07 DEBUG Starting new HTTPS connection (1): mp.weixin.qq.com:443
2022-05-20 04:23:08 DEBUG https://mp.weixin.qq.com:443 "GET /cgi-bin/appmsg?token=1584594670&lang=zh_CN&f=json&ajax=1&random=0.14494048267281245&action=list_ex&begin=550&count=5&query=&fakeid=MjM5OTk4MDE2MA%3D%3D&type=9 HTTP/1.1" 200 3810
2022-05-20 04:23:41 DEBUG Starting new HTTPS connection (1): mp.weixin.qq.com:443
2022-05-20 04:23:42 DEBUG https://mp.weixin.qq.com:443 "GET /cgi-bin/appmsg?token=1584594670&lang=zh_CN&f=json&ajax=1&random=0.5262963049247077&action=list_ex&begin=555&count=5&query=&fakeid=MjM5OTk4MDE2MA%3D%3D&type=9 HTTP/1.1" 200 3789
2022-05-20 04:24:15 DEBUG Starting new HTTPS connection (1): mp.weixin.qq.com:443
2022-05-20 04:24:16 DEBUG https://mp.weixin.qq.com:443 "GET /cgi-bin/appmsg?token=1584594670&lang=zh_CN&f=json&ajax=1&random=0.005008795619317219&action=list_ex&begin=560&count=5&query=&fakeid=MjM5OTk4MDE2MA%3D%3D&type=9 HTTP/1.1" 200 4141
2022-05-20 04:24:49 DEBUG Starting new HTTPS connection (1): mp.weixin.qq.com:443
2022-05-20 04:24:50 DEBUG https://mp.weixin.qq.com:443 "GET /cgi-bin/appmsg?token=1584594670&lang=zh_CN&f=json&ajax=1&random=0.36414509278695195&action=list_ex&begin=565&count=5&query=&fakeid=MjM5OTk4MDE2MA%3D%3D&type=9 HTTP/1.1" 200 3733
2022-05-20 04:25:23 DEBUG Starting new HTTPS connection (1): mp.weixin.qq.com:443
2022-05-20 04:25:23 DEBUG https://mp.weixin.qq.com:443 "GET /cgi-bin/appmsg?token=1584594670&lang=zh_CN&f=json&ajax=1&random=0.5992631459595978&action=list_ex&begin=570&count=5&query=&fakeid=MjM5OTk4MDE2MA%3D%3D&type=9 HTTP/1.1" 200 3943
2022-05-20 04:25:56 DEBUG Starting new HTTPS connection (1): mp.weixin.qq.com:443
2022-05-20 04:25:57 DEBUG https://mp.weixin.qq.com:443 "GET /cgi-bin/appmsg?token=1584594670&lang=zh_CN&f=json&ajax=1&random=0.21976687124578353&action=list_ex&begin=575&count=5&query=&fakeid=MjM5OTk4MDE2MA%3D%3D&type=9 HTTP/1.1" 200 3963
2022-05-20 04:26:30 DEBUG Starting new HTTPS connection (1): mp.weixin.qq.com:443
2022-05-20 04:26:31 DEBUG https://mp.weixin.qq.com:443 "GET /cgi-bin/appmsg?token=1584594670&lang=zh_CN&f=json&ajax=1&random=0.27266308247034643&action=list_ex&begin=580&count=5&query=&fakeid=MjM5OTk4MDE2MA%3D%3D&type=9 HTTP/1.1" 200 3928
2022-05-20 04:27:04 DEBUG Starting new HTTPS connection (1): mp.weixin.qq.com:443
2022-05-20 04:27:05 DEBUG https://mp.weixin.qq.com:443 "GET /cgi-bin/appmsg?token=1584594670&lang=zh_CN&f=json&ajax=1&random=0.302481815380258&action=list_ex&begin=585&count=5&query=&fakeid=MjM5OTk4MDE2MA%3D%3D&type=9 HTTP/1.1" 200 4411
2022-05-20 04:27:38 DEBUG Starting new HTTPS connection (1): mp.weixin.qq.com:443
2022-05-20 04:27:39 DEBUG https://mp.weixin.qq.com:443 "GET /cgi-bin/appmsg?token=1584594670&lang=zh_CN&f=json&ajax=1&random=0.5835887412776487&action=list_ex&begin=590&count=5&query=&fakeid=MjM5OTk4MDE2MA%3D%3D&type=9 HTTP/1.1" 200 3888
2022-05-20 04:28:12 DEBUG Starting new HTTPS connection (1): mp.weixin.qq.com:443
2022-05-20 04:28:13 DEBUG https://mp.weixin.qq.com:443 "GET /cgi-bin/appmsg?token=1584594670&lang=zh_CN&f=json&ajax=1&random=0.5315753806632514&action=list_ex&begin=595&count=5&query=&fakeid=MjM5OTk4MDE2MA%3D%3D&type=9 HTTP/1.1" 200 4329
2022-05-20 04:28:46 DEBUG Starting new HTTPS connection (1): mp.weixin.qq.com:443
2022-05-20 04:28:47 DEBUG https://mp.weixin.qq.com:443 "GET /cgi-bin/appmsg?token=1584594670&lang=zh_CN&f=json&ajax=1&random=0.2527159265264206&action=list_ex&begin=600&count=5&query=&fakeid=MjM5OTk4MDE2MA%3D%3D&type=9 HTTP/1.1" 200 3868
2022-05-20 04:29:20 DEBUG Starting new HTTPS connection (1): mp.weixin.qq.com:443
2022-05-20 04:29:20 DEBUG https://mp.weixin.qq.com:443 "GET /cgi-bin/appmsg?token=1584594670&lang=zh_CN&f=json&ajax=1&random=0.4294340511983873&action=list_ex&begin=605&count=5&query=&fakeid=MjM5OTk4MDE2MA%3D%3D&type=9 HTTP/1.1" 200 3806
2022-05-20 04:29:53 DEBUG Starting new HTTPS connection (1): mp.weixin.qq.com:443
2022-05-20 04:29:54 DEBUG https://mp.weixin.qq.com:443 "GET /cgi-bin/appmsg?token=1584594670&lang=zh_CN&f=json&ajax=1&random=0.5372038688163043&action=list_ex&begin=610&count=5&query=&fakeid=MjM5OTk4MDE2MA%3D%3D&type=9 HTTP/1.1" 200 3739
2022-05-20 04:30:27 DEBUG Starting new HTTPS connection (1): mp.weixin.qq.com:443
2022-05-20 04:30:28 DEBUG https://mp.weixin.qq.com:443 "GET /cgi-bin/appmsg?token=1584594670&lang=zh_CN&f=json&ajax=1&random=0.01801767040461999&action=list_ex&begin=615&count=5&query=&fakeid=MjM5OTk4MDE2MA%3D%3D&type=9 HTTP/1.1" 200 4023
2022-05-20 04:31:01 DEBUG Starting new HTTPS connection (1): mp.weixin.qq.com:443
2022-05-20 04:31:02 DEBUG https://mp.weixin.qq.com:443 "GET /cgi-bin/appmsg?token=1584594670&lang=zh_CN&f=json&ajax=1&random=0.03530136587053734&action=list_ex&begin=620&count=5&query=&fakeid=MjM5OTk4MDE2MA%3D%3D&type=9 HTTP/1.1" 200 3830
2022-05-20 04:31:35 DEBUG Starting new HTTPS connection (1): mp.weixin.qq.com:443
2022-05-20 04:31:36 DEBUG https://mp.weixin.qq.com:443 "GET /cgi-bin/appmsg?token=1584594670&lang=zh_CN&f=json&ajax=1&random=0.5852219407651184&action=list_ex&begin=625&count=5&query=&fakeid=MjM5OTk4MDE2MA%3D%3D&type=9 HTTP/1.1" 200 3904
2022-05-20 04:32:09 DEBUG Starting new HTTPS connection (1): mp.weixin.qq.com:443
2022-05-20 04:32:10 DEBUG https://mp.weixin.qq.com:443 "GET /cgi-bin/appmsg?token=1584594670&lang=zh_CN&f=json&ajax=1&random=0.714761114597994&action=list_ex&begin=630&count=5&query=&fakeid=MjM5OTk4MDE2MA%3D%3D&type=9 HTTP/1.1" 200 4055
2022-05-20 04:32:43 DEBUG Starting new HTTPS connection (1): mp.weixin.qq.com:443
2022-05-20 04:32:44 DEBUG https://mp.weixin.qq.com:443 "GET /cgi-bin/appmsg?token=1584594670&lang=zh_CN&f=json&ajax=1&random=0.17898937231439094&action=list_ex&begin=635&count=5&query=&fakeid=MjM5OTk4MDE2MA%3D%3D&type=9 HTTP/1.1" 200 4118
2022-05-20 04:33:17 DEBUG Starting new HTTPS connection (1): mp.weixin.qq.com:443
2022-05-20 04:33:18 DEBUG https://mp.weixin.qq.com:443 "GET /cgi-bin/appmsg?token=1584594670&lang=zh_CN&f=json&ajax=1&random=0.7061780805389014&action=list_ex&begin=640&count=5&query=&fakeid=MjM5OTk4MDE2MA%3D%3D&type=9 HTTP/1.1" 200 3753
2022-05-20 04:33:51 DEBUG Starting new HTTPS connection (1): mp.weixin.qq.com:443
2022-05-20 04:33:52 DEBUG https://mp.weixin.qq.com:443 "GET /cgi-bin/appmsg?token=1584594670&lang=zh_CN&f=json&ajax=1&random=0.7166228151405889&action=list_ex&begin=645&count=5&query=&fakeid=MjM5OTk4MDE2MA%3D%3D&type=9 HTTP/1.1" 200 4134
2022-05-20 04:34:25 DEBUG Starting new HTTPS connection (1): mp.weixin.qq.com:443
2022-05-20 04:34:26 DEBUG https://mp.weixin.qq.com:443 "GET /cgi-bin/appmsg?token=1584594670&lang=zh_CN&f=json&ajax=1&random=0.7714947930629127&action=list_ex&begin=650&count=5&query=&fakeid=MjM5OTk4MDE2MA%3D%3D&type=9 HTTP/1.1" 200 3982
2022-05-20 04:34:59 DEBUG Starting new HTTPS connection (1): mp.weixin.qq.com:443
2022-05-20 04:35:00 DEBUG https://mp.weixin.qq.com:443 "GET /cgi-bin/appmsg?token=1584594670&lang=zh_CN&f=json&ajax=1&random=0.6988453169478237&action=list_ex&begin=655&count=5&query=&fakeid=MjM5OTk4MDE2MA%3D%3D&type=9 HTTP/1.1" 200 4285
2022-05-20 04:35:33 DEBUG Starting new HTTPS connection (1): mp.weixin.qq.com:443
2022-05-20 04:35:34 DEBUG https://mp.weixin.qq.com:443 "GET /cgi-bin/appmsg?token=1584594670&lang=zh_CN&f=json&ajax=1&random=0.20751429333095328&action=list_ex&begin=660&count=5&query=&fakeid=MjM5OTk4MDE2MA%3D%3D&type=9 HTTP/1.1" 200 3578
2022-05-20 04:36:07 DEBUG Starting new HTTPS connection (1): mp.weixin.qq.com:443
2022-05-20 04:36:08 DEBUG https://mp.weixin.qq.com:443 "GET /cgi-bin/appmsg?token=1584594670&lang=zh_CN&f=json&ajax=1&random=0.46179105458543435&action=list_ex&begin=665&count=5&query=&fakeid=MjM5OTk4MDE2MA%3D%3D&type=9 HTTP/1.1" 200 4204
2022-05-20 04:36:41 DEBUG Starting new HTTPS connection (1): mp.weixin.qq.com:443
2022-05-20 04:36:42 DEBUG https://mp.weixin.qq.com:443 "GET /cgi-bin/appmsg?token=1584594670&lang=zh_CN&f=json&ajax=1&random=0.22751359922920478&action=list_ex&begin=670&count=5&query=&fakeid=MjM5OTk4MDE2MA%3D%3D&type=9 HTTP/1.1" 200 3379
2022-05-20 04:37:15 DEBUG Starting new HTTPS connection (1): mp.weixin.qq.com:443
2022-05-20 04:37:16 DEBUG https://mp.weixin.qq.com:443 "GET /cgi-bin/appmsg?token=1584594670&lang=zh_CN&f=json&ajax=1&random=0.19880960835283712&action=list_ex&begin=675&count=5&query=&fakeid=MjM5OTk4MDE2MA%3D%3D&type=9 HTTP/1.1" 200 3686
2022-05-20 04:37:49 DEBUG Starting new HTTPS connection (1): mp.weixin.qq.com:443
2022-05-20 04:37:50 DEBUG https://mp.weixin.qq.com:443 "GET /cgi-bin/appmsg?token=1584594670&lang=zh_CN&f=json&ajax=1&random=0.11992325401238024&action=list_ex&begin=680&count=5&query=&fakeid=MjM5OTk4MDE2MA%3D%3D&type=9 HTTP/1.1" 200 3811
2022-05-20 04:38:23 DEBUG Starting new HTTPS connection (1): mp.weixin.qq.com:443
2022-05-20 04:38:24 DEBUG https://mp.weixin.qq.com:443 "GET /cgi-bin/appmsg?token=1584594670&lang=zh_CN&f=json&ajax=1&random=0.3791479345087573&action=list_ex&begin=685&count=5&query=&fakeid=MjM5OTk4MDE2MA%3D%3D&type=9 HTTP/1.1" 200 3818
2022-05-20 04:38:57 DEBUG Starting new HTTPS connection (1): mp.weixin.qq.com:443
2022-05-20 04:38:58 DEBUG https://mp.weixin.qq.com:443 "GET /cgi-bin/appmsg?token=1584594670&lang=zh_CN&f=json&ajax=1&random=0.476865293883052&action=list_ex&begin=690&count=5&query=&fakeid=MjM5OTk4MDE2MA%3D%3D&type=9 HTTP/1.1" 200 4444
2022-05-20 04:39:31 DEBUG Starting new HTTPS connection (1): mp.weixin.qq.com:443
2022-05-20 04:39:32 DEBUG https://mp.weixin.qq.com:443 "GET /cgi-bin/appmsg?token=1584594670&lang=zh_CN&f=json&ajax=1&random=0.8745359768547175&action=list_ex&begin=695&count=5&query=&fakeid=MjM5OTk4MDE2MA%3D%3D&type=9 HTTP/1.1" 200 4179
2022-05-20 04:40:05 DEBUG Starting new HTTPS connection (1): mp.weixin.qq.com:443
2022-05-20 04:40:06 DEBUG https://mp.weixin.qq.com:443 "GET /cgi-bin/appmsg?token=1584594670&lang=zh_CN&f=json&ajax=1&random=0.6111417025237242&action=list_ex&begin=700&count=5&query=&fakeid=MjM5OTk4MDE2MA%3D%3D&type=9 HTTP/1.1" 200 4793
2022-05-20 04:40:39 DEBUG Starting new HTTPS connection (1): mp.weixin.qq.com:443
2022-05-20 04:40:40 DEBUG https://mp.weixin.qq.com:443 "GET /cgi-bin/appmsg?token=1584594670&lang=zh_CN&f=json&ajax=1&random=0.3755167388546432&action=list_ex&begin=705&count=5&query=&fakeid=MjM5OTk4MDE2MA%3D%3D&type=9 HTTP/1.1" 200 4490
2022-05-20 04:41:13 DEBUG Starting new HTTPS connection (1): mp.weixin.qq.com:443
2022-05-20 04:41:14 DEBUG https://mp.weixin.qq.com:443 "GET /cgi-bin/appmsg?token=1584594670&lang=zh_CN&f=json&ajax=1&random=0.8448351404980893&action=list_ex&begin=710&count=5&query=&fakeid=MjM5OTk4MDE2MA%3D%3D&type=9 HTTP/1.1" 200 3722
2022-05-20 04:41:47 DEBUG Starting new HTTPS connection (1): mp.weixin.qq.com:443
2022-05-20 04:41:48 DEBUG https://mp.weixin.qq.com:443 "GET /cgi-bin/appmsg?token=1584594670&lang=zh_CN&f=json&ajax=1&random=0.7569126064273838&action=list_ex&begin=715&count=5&query=&fakeid=MjM5OTk4MDE2MA%3D%3D&type=9 HTTP/1.1" 200 4127
2022-05-20 04:42:21 DEBUG Starting new HTTPS connection (1): mp.weixin.qq.com:443
2022-05-20 04:42:22 DEBUG https://mp.weixin.qq.com:443 "GET /cgi-bin/appmsg?token=1584594670&lang=zh_CN&f=json&ajax=1&random=0.9037061082024914&action=list_ex&begin=720&count=5&query=&fakeid=MjM5OTk4MDE2MA%3D%3D&type=9 HTTP/1.1" 200 4256
2022-05-20 04:42:55 DEBUG Starting new HTTPS connection (1): mp.weixin.qq.com:443
2022-05-20 04:42:56 DEBUG https://mp.weixin.qq.com:443 "GET /cgi-bin/appmsg?token=1584594670&lang=zh_CN&f=json&ajax=1&random=0.773929156932168&action=list_ex&begin=725&count=5&query=&fakeid=MjM5OTk4MDE2MA%3D%3D&type=9 HTTP/1.1" 200 4246
2022-05-20 04:43:29 DEBUG Starting new HTTPS connection (1): mp.weixin.qq.com:443
2022-05-20 04:43:30 DEBUG https://mp.weixin.qq.com:443 "GET /cgi-bin/appmsg?token=1584594670&lang=zh_CN&f=json&ajax=1&random=0.9532301090134349&action=list_ex&begin=730&count=5&query=&fakeid=MjM5OTk4MDE2MA%3D%3D&type=9 HTTP/1.1" 200 4199
2022-05-20 04:44:03 DEBUG Starting new HTTPS connection (1): mp.weixin.qq.com:443
2022-05-20 04:44:04 DEBUG https://mp.weixin.qq.com:443 "GET /cgi-bin/appmsg?token=1584594670&lang=zh_CN&f=json&ajax=1&random=0.5124543902778242&action=list_ex&begin=735&count=5&query=&fakeid=MjM5OTk4MDE2MA%3D%3D&type=9 HTTP/1.1" 200 3934
2022-05-20 04:44:37 DEBUG Starting new HTTPS connection (1): mp.weixin.qq.com:443
2022-05-20 04:44:38 DEBUG https://mp.weixin.qq.com:443 "GET /cgi-bin/appmsg?token=1584594670&lang=zh_CN&f=json&ajax=1&random=0.8557920311031826&action=list_ex&begin=740&count=5&query=&fakeid=MjM5OTk4MDE2MA%3D%3D&type=9 HTTP/1.1" 200 3643
2022-05-20 04:45:11 DEBUG Starting new HTTPS connection (1): mp.weixin.qq.com:443
2022-05-20 04:45:12 DEBUG https://mp.weixin.qq.com:443 "GET /cgi-bin/appmsg?token=1584594670&lang=zh_CN&f=json&ajax=1&random=0.0894942093866542&action=list_ex&begin=745&count=5&query=&fakeid=MjM5OTk4MDE2MA%3D%3D&type=9 HTTP/1.1" 200 4042
2022-05-20 04:45:45 DEBUG Starting new HTTPS connection (1): mp.weixin.qq.com:443
2022-05-20 04:45:46 DEBUG https://mp.weixin.qq.com:443 "GET /cgi-bin/appmsg?token=1584594670&lang=zh_CN&f=json&ajax=1&random=0.7109520062538464&action=list_ex&begin=750&count=5&query=&fakeid=MjM5OTk4MDE2MA%3D%3D&type=9 HTTP/1.1" 200 3931
2022-05-20 04:46:19 DEBUG Starting new HTTPS connection (1): mp.weixin.qq.com:443
2022-05-20 04:46:20 DEBUG https://mp.weixin.qq.com:443 "GET /cgi-bin/appmsg?token=1584594670&lang=zh_CN&f=json&ajax=1&random=0.7723191437319279&action=list_ex&begin=755&count=5&query=&fakeid=MjM5OTk4MDE2MA%3D%3D&type=9 HTTP/1.1" 200 4426
2022-05-20 04:46:53 DEBUG Starting new HTTPS connection (1): mp.weixin.qq.com:443
2022-05-20 04:46:55 DEBUG https://mp.weixin.qq.com:443 "GET /cgi-bin/appmsg?token=1584594670&lang=zh_CN&f=json&ajax=1&random=0.5393222314966442&action=list_ex&begin=760&count=5&query=&fakeid=MjM5OTk4MDE2MA%3D%3D&type=9 HTTP/1.1" 200 4235
2022-05-20 04:47:28 DEBUG Starting new HTTPS connection (1): mp.weixin.qq.com:443
2022-05-20 04:47:28 DEBUG https://mp.weixin.qq.com:443 "GET /cgi-bin/appmsg?token=1584594670&lang=zh_CN&f=json&ajax=1&random=0.1448961476500843&action=list_ex&begin=765&count=5&query=&fakeid=MjM5OTk4MDE2MA%3D%3D&type=9 HTTP/1.1" 200 3981
2022-05-20 04:48:02 DEBUG Starting new HTTPS connection (1): mp.weixin.qq.com:443
2022-05-20 04:48:02 DEBUG https://mp.weixin.qq.com:443 "GET /cgi-bin/appmsg?token=1584594670&lang=zh_CN&f=json&ajax=1&random=0.3937140291612795&action=list_ex&begin=770&count=5&query=&fakeid=MjM5OTk4MDE2MA%3D%3D&type=9 HTTP/1.1" 200 3984
2022-05-20 04:48:35 DEBUG Starting new HTTPS connection (1): mp.weixin.qq.com:443
2022-05-20 04:48:36 DEBUG https://mp.weixin.qq.com:443 "GET /cgi-bin/appmsg?token=1584594670&lang=zh_CN&f=json&ajax=1&random=0.9824804246613799&action=list_ex&begin=775&count=5&query=&fakeid=MjM5OTk4MDE2MA%3D%3D&type=9 HTTP/1.1" 200 4325
2022-05-20 04:49:09 DEBUG Starting new HTTPS connection (1): mp.weixin.qq.com:443
2022-05-20 04:49:10 DEBUG https://mp.weixin.qq.com:443 "GET /cgi-bin/appmsg?token=1584594670&lang=zh_CN&f=json&ajax=1&random=0.15846615903220318&action=list_ex&begin=780&count=5&query=&fakeid=MjM5OTk4MDE2MA%3D%3D&type=9 HTTP/1.1" 200 3938
2022-05-20 04:49:43 DEBUG Starting new HTTPS connection (1): mp.weixin.qq.com:443
2022-05-20 04:49:44 DEBUG https://mp.weixin.qq.com:443 "GET /cgi-bin/appmsg?token=1584594670&lang=zh_CN&f=json&ajax=1&random=0.11707556906934824&action=list_ex&begin=785&count=5&query=&fakeid=MjM5OTk4MDE2MA%3D%3D&type=9 HTTP/1.1" 200 4279
2022-05-20 04:50:18 DEBUG Starting new HTTPS connection (1): mp.weixin.qq.com:443
2022-05-20 04:50:19 DEBUG https://mp.weixin.qq.com:443 "GET /cgi-bin/appmsg?token=1584594670&lang=zh_CN&f=json&ajax=1&random=0.6283697389893294&action=list_ex&begin=790&count=5&query=&fakeid=MjM5OTk4MDE2MA%3D%3D&type=9 HTTP/1.1" 200 4542
2022-05-20 04:50:52 DEBUG Starting new HTTPS connection (1): mp.weixin.qq.com:443
2022-05-20 04:50:53 DEBUG https://mp.weixin.qq.com:443 "GET /cgi-bin/appmsg?token=1584594670&lang=zh_CN&f=json&ajax=1&random=0.13943834729232152&action=list_ex&begin=795&count=5&query=&fakeid=MjM5OTk4MDE2MA%3D%3D&type=9 HTTP/1.1" 200 4510
2022-05-20 04:51:26 DEBUG Starting new HTTPS connection (1): mp.weixin.qq.com:443
2022-05-20 04:51:27 DEBUG https://mp.weixin.qq.com:443 "GET /cgi-bin/appmsg?token=1584594670&lang=zh_CN&f=json&ajax=1&random=0.8717804129001984&action=list_ex&begin=800&count=5&query=&fakeid=MjM5OTk4MDE2MA%3D%3D&type=9 HTTP/1.1" 200 4703
2022-05-20 04:52:00 DEBUG Starting new HTTPS connection (1): mp.weixin.qq.com:443
2022-05-20 04:52:01 DEBUG https://mp.weixin.qq.com:443 "GET /cgi-bin/appmsg?token=1584594670&lang=zh_CN&f=json&ajax=1&random=0.5762607583236449&action=list_ex&begin=805&count=5&query=&fakeid=MjM5OTk4MDE2MA%3D%3D&type=9 HTTP/1.1" 200 4927
2022-05-20 04:52:34 DEBUG Starting new HTTPS connection (1): mp.weixin.qq.com:443
2022-05-20 04:52:35 DEBUG https://mp.weixin.qq.com:443 "GET /cgi-bin/appmsg?token=1584594670&lang=zh_CN&f=json&ajax=1&random=0.5856631451485311&action=list_ex&begin=810&count=5&query=&fakeid=MjM5OTk4MDE2MA%3D%3D&type=9 HTTP/1.1" 200 4775
2022-05-20 04:53:08 DEBUG Starting new HTTPS connection (1): mp.weixin.qq.com:443
2022-05-20 04:53:09 DEBUG https://mp.weixin.qq.com:443 "GET /cgi-bin/appmsg?token=1584594670&lang=zh_CN&f=json&ajax=1&random=0.14017615381288506&action=list_ex&begin=815&count=5&query=&fakeid=MjM5OTk4MDE2MA%3D%3D&type=9 HTTP/1.1" 200 4677
2022-05-20 04:53:42 DEBUG Starting new HTTPS connection (1): mp.weixin.qq.com:443
2022-05-20 04:53:43 DEBUG https://mp.weixin.qq.com:443 "GET /cgi-bin/appmsg?token=1584594670&lang=zh_CN&f=json&ajax=1&random=0.3545461008495837&action=list_ex&begin=820&count=5&query=&fakeid=MjM5OTk4MDE2MA%3D%3D&type=9 HTTP/1.1" 200 4837
2022-05-20 04:54:16 DEBUG Starting new HTTPS connection (1): mp.weixin.qq.com:443
2022-05-20 04:54:16 DEBUG https://mp.weixin.qq.com:443 "GET /cgi-bin/appmsg?token=1584594670&lang=zh_CN&f=json&ajax=1&random=0.7947011102058031&action=list_ex&begin=825&count=5&query=&fakeid=MjM5OTk4MDE2MA%3D%3D&type=9 HTTP/1.1" 200 53
2022-05-20 16:06:48 DEBUG debug 信息
2022-05-20 16:06:48 INFO info 信息
2022-05-20 16:06:48 WARNING warning 信息
2022-05-20 16:06:48 ERROR error 信息
2022-05-20 16:06:48 CRITICAL critial 信息
2022-05-20 16:06:48 DEBUG POST http://localhost:57963/session {"capabilities": {"firstMatch": [{}], "alwaysMatch": {"browserName": "chrome", "pageLoadStrategy": "normal", "goog:chromeOptions": {"extensions": [], "args": []}}}, "desiredCapabilities": {"browserName": "chrome", "pageLoadStrategy": "normal", "goog:chromeOptions": {"extensions": [], "args": []}}}
2022-05-20 16:06:48 DEBUG Starting new HTTP connection (1): localhost:57963
2022-05-20 16:06:50 DEBUG http://localhost:57963 "POST /session HTTP/1.1" 200 799
2022-05-20 16:06:50 DEBUG Finished Request
2022-05-20 16:06:50 DEBUG POST http://localhost:57963/session/b82aeb672d23552c366055cfb1b4b08c/url {"url": "https://mp.weixin.qq.com/"}
2022-05-20 16:06:51 DEBUG http://localhost:57963 "POST /session/b82aeb672d23552c366055cfb1b4b08c/url HTTP/1.1" 200 14
2022-05-20 16:06:51 DEBUG Finished Request
2022-05-20 16:07:06 DEBUG POST http://localhost:57963/session/b82aeb672d23552c366055cfb1b4b08c/url {"url": "https://mp.weixin.qq.com/"}
2022-05-20 16:07:09 DEBUG http://localhost:57963 "POST /session/b82aeb672d23552c366055cfb1b4b08c/url HTTP/1.1" 200 14
2022-05-20 16:07:09 DEBUG Finished Request
2022-05-20 16:07:09 DEBUG GET http://localhost:57963/session/b82aeb672d23552c366055cfb1b4b08c/cookie {}
2022-05-20 16:07:09 DEBUG http://localhost:57963 "GET /session/b82aeb672d23552c366055cfb1b4b08c/cookie HTTP/1.1" 200 1906
2022-05-20 16:07:09 DEBUG Finished Request
2022-05-20 16:07:09 DEBUG Starting new HTTPS connection (1): mp.weixin.qq.com:443
2022-05-20 16:07:10 DEBUG https://mp.weixin.qq.com:443 "GET / HTTP/1.1" 302 15075
2022-05-20 16:07:11 DEBUG https://mp.weixin.qq.com:443 "GET /cgi-bin/home?t=home/index&lang=zh_CN&token=1229675935 HTTP/1.1" 200 23872
2022-05-20 16:07:11 DEBUG Starting new HTTPS connection (1): mp.weixin.qq.com:443
2022-05-20 16:07:12 DEBUG https://mp.weixin.qq.com:443 "GET /cgi-bin/searchbiz?action=search_biz&token=1229675935&lang=zh_CN&f=json&ajax=1&random=0.08361101555538364&query=%E8%AE%A1%E7%AE%97%E6%9C%BA%E4%B8%8E%E7%BD%91%E7%BB%9C%E5%AE%89%E5%85%A8&begin=0&count=5 HTTP/1.1" 200 1271
2022-05-20 16:07:12 DEBUG Starting new HTTPS connection (1): mp.weixin.qq.com:443
2022-05-20 16:07:13 DEBUG https://mp.weixin.qq.com:443 "GET /cgi-bin/appmsg?token=1229675935&lang=zh_CN&f=json&ajax=1&random=0.8413996090962886&action=list_ex&begin=0&count=5&query=&fakeid=MjM5OTk4MDE2MA%3D%3D&type=9 HTTP/1.1" 200 8179
2022-05-20 16:07:13 DEBUG Starting new HTTPS connection (1): mp.weixin.qq.com:443
2022-05-20 16:07:14 DEBUG https://mp.weixin.qq.com:443 "GET /cgi-bin/appmsg?token=1229675935&lang=zh_CN&f=json&ajax=1&random=0.7248961332846172&action=list_ex&begin=825&count=5&query=&fakeid=MjM5OTk4MDE2MA%3D%3D&type=9 HTTP/1.1" 200 4796
2022-05-20 16:07:19 DEBUG Starting new HTTPS connection (1): mp.weixin.qq.com:443
2022-05-20 16:07:20 DEBUG https://mp.weixin.qq.com:443 "GET /cgi-bin/appmsg?token=1229675935&lang=zh_CN&f=json&ajax=1&random=0.9934370035295592&action=list_ex&begin=830&count=5&query=&fakeid=MjM5OTk4MDE2MA%3D%3D&type=9 HTTP/1.1" 200 4997
2022-05-20 16:07:25 DEBUG Starting new HTTPS connection (1): mp.weixin.qq.com:443
2022-05-20 16:07:26 DEBUG https://mp.weixin.qq.com:443 "GET /cgi-bin/appmsg?token=1229675935&lang=zh_CN&f=json&ajax=1&random=0.7605287561967744&action=list_ex&begin=835&count=5&query=&fakeid=MjM5OTk4MDE2MA%3D%3D&type=9 HTTP/1.1" 200 4327
2022-05-20 16:07:31 DEBUG Starting new HTTPS connection (1): mp.weixin.qq.com:443
2022-05-20 16:07:32 DEBUG https://mp.weixin.qq.com:443 "GET /cgi-bin/appmsg?token=1229675935&lang=zh_CN&f=json&ajax=1&random=0.4095160998026953&action=list_ex&begin=840&count=5&query=&fakeid=MjM5OTk4MDE2MA%3D%3D&type=9 HTTP/1.1" 200 4550
2022-05-20 16:07:37 DEBUG Starting new HTTPS connection (1): mp.weixin.qq.com:443
2022-05-20 16:07:38 DEBUG https://mp.weixin.qq.com:443 "GET /cgi-bin/appmsg?token=1229675935&lang=zh_CN&f=json&ajax=1&random=0.5818097671999009&action=list_ex&begin=845&count=5&query=&fakeid=MjM5OTk4MDE2MA%3D%3D&type=9 HTTP/1.1" 200 4179
2022-05-20 16:07:43 DEBUG Starting new HTTPS connection (1): mp.weixin.qq.com:443
2022-05-20 16:07:44 DEBUG https://mp.weixin.qq.com:443 "GET /cgi-bin/appmsg?token=1229675935&lang=zh_CN&f=json&ajax=1&random=0.7292412232621205&action=list_ex&begin=850&count=5&query=&fakeid=MjM5OTk4MDE2MA%3D%3D&type=9 HTTP/1.1" 200 4823
2022-05-20 16:07:49 DEBUG Starting new HTTPS connection (1): mp.weixin.qq.com:443
2022-05-20 16:07:50 DEBUG https://mp.weixin.qq.com:443 "GET /cgi-bin/appmsg?token=1229675935&lang=zh_CN&f=json&ajax=1&random=0.8096334823181861&action=list_ex&begin=855&count=5&query=&fakeid=MjM5OTk4MDE2MA%3D%3D&type=9 HTTP/1.1" 200 4893
2022-05-20 16:07:55 DEBUG Starting new HTTPS connection (1): mp.weixin.qq.com:443
2022-05-20 16:07:56 DEBUG https://mp.weixin.qq.com:443 "GET /cgi-bin/appmsg?token=1229675935&lang=zh_CN&f=json&ajax=1&random=0.5129629860350715&action=list_ex&begin=860&count=5&query=&fakeid=MjM5OTk4MDE2MA%3D%3D&type=9 HTTP/1.1" 200 4281
2022-05-20 16:08:01 DEBUG Starting new HTTPS connection (1): mp.weixin.qq.com:443
2022-05-20 16:08:02 DEBUG https://mp.weixin.qq.com:443 "GET /cgi-bin/appmsg?token=1229675935&lang=zh_CN&f=json&ajax=1&random=0.07442629482439611&action=list_ex&begin=865&count=5&query=&fakeid=MjM5OTk4MDE2MA%3D%3D&type=9 HTTP/1.1" 200 4418
2022-05-20 16:08:07 DEBUG Starting new HTTPS connection (1): mp.weixin.qq.com:443
2022-05-20 16:08:08 DEBUG https://mp.weixin.qq.com:443 "GET /cgi-bin/appmsg?token=1229675935&lang=zh_CN&f=json&ajax=1&random=0.6542934541392142&action=list_ex&begin=870&count=5&query=&fakeid=MjM5OTk4MDE2MA%3D%3D&type=9 HTTP/1.1" 200 4089
2022-05-20 16:08:13 DEBUG Starting new HTTPS connection (1): mp.weixin.qq.com:443
2022-05-20 16:08:14 DEBUG https://mp.weixin.qq.com:443 "GET /cgi-bin/appmsg?token=1229675935&lang=zh_CN&f=json&ajax=1&random=0.634756518298197&action=list_ex&begin=875&count=5&query=&fakeid=MjM5OTk4MDE2MA%3D%3D&type=9 HTTP/1.1" 200 3793
2022-05-20 16:08:19 DEBUG Starting new HTTPS connection (1): mp.weixin.qq.com:443
2022-05-20 16:08:20 DEBUG https://mp.weixin.qq.com:443 "GET /cgi-bin/appmsg?token=1229675935&lang=zh_CN&f=json&ajax=1&random=0.2692791275056533&action=list_ex&begin=880&count=5&query=&fakeid=MjM5OTk4MDE2MA%3D%3D&type=9 HTTP/1.1" 200 4152
2022-05-20 16:08:25 DEBUG Starting new HTTPS connection (1): mp.weixin.qq.com:443
2022-05-20 16:08:26 DEBUG https://mp.weixin.qq.com:443 "GET /cgi-bin/appmsg?token=1229675935&lang=zh_CN&f=json&ajax=1&random=0.4482568906591149&action=list_ex&begin=885&count=5&query=&fakeid=MjM5OTk4MDE2MA%3D%3D&type=9 HTTP/1.1" 200 4332
2022-05-20 16:08:31 DEBUG Starting new HTTPS connection (1): mp.weixin.qq.com:443
2022-05-20 16:08:32 DEBUG https://mp.weixin.qq.com:443 "GET /cgi-bin/appmsg?token=1229675935&lang=zh_CN&f=json&ajax=1&random=0.7118810206616533&action=list_ex&begin=890&count=5&query=&fakeid=MjM5OTk4MDE2MA%3D%3D&type=9 HTTP/1.1" 200 3893
2022-05-20 16:08:37 DEBUG Starting new HTTPS connection (1): mp.weixin.qq.com:443
2022-05-20 16:08:38 DEBUG https://mp.weixin.qq.com:443 "GET /cgi-bin/appmsg?token=1229675935&lang=zh_CN&f=json&ajax=1&random=0.49089793446518626&action=list_ex&begin=895&count=5&query=&fakeid=MjM5OTk4MDE2MA%3D%3D&type=9 HTTP/1.1" 200 3884
2022-05-20 16:08:43 DEBUG Starting new HTTPS connection (1): mp.weixin.qq.com:443
2022-05-20 16:08:44 DEBUG https://mp.weixin.qq.com:443 "GET /cgi-bin/appmsg?token=1229675935&lang=zh_CN&f=json&ajax=1&random=0.5931634462639815&action=list_ex&begin=900&count=5&query=&fakeid=MjM5OTk4MDE2MA%3D%3D&type=9 HTTP/1.1" 200 3355
2022-05-20 16:08:49 DEBUG Starting new HTTPS connection (1): mp.weixin.qq.com:443
2022-05-20 16:08:50 DEBUG https://mp.weixin.qq.com:443 "GET /cgi-bin/appmsg?token=1229675935&lang=zh_CN&f=json&ajax=1&random=0.10872943549522418&action=list_ex&begin=905&count=5&query=&fakeid=MjM5OTk4MDE2MA%3D%3D&type=9 HTTP/1.1" 200 3485
2022-05-20 16:08:55 DEBUG Starting new HTTPS connection (1): mp.weixin.qq.com:443
2022-05-20 16:08:57 DEBUG https://mp.weixin.qq.com:443 "GET /cgi-bin/appmsg?token=1229675935&lang=zh_CN&f=json&ajax=1&random=0.41421466850354005&action=list_ex&begin=910&count=5&query=&fakeid=MjM5OTk4MDE2MA%3D%3D&type=9 HTTP/1.1" 200 3120
2022-05-20 16:09:02 DEBUG Starting new HTTPS connection (1): mp.weixin.qq.com:443
2022-05-20 16:09:03 DEBUG https://mp.weixin.qq.com:443 "GET /cgi-bin/appmsg?token=1229675935&lang=zh_CN&f=json&ajax=1&random=0.9515236561813646&action=list_ex&begin=915&count=5&query=&fakeid=MjM5OTk4MDE2MA%3D%3D&type=9 HTTP/1.1" 200 3451
2022-05-20 16:09:08 DEBUG Starting new HTTPS connection (1): mp.weixin.qq.com:443
2022-05-20 16:09:09 DEBUG https://mp.weixin.qq.com:443 "GET /cgi-bin/appmsg?token=1229675935&lang=zh_CN&f=json&ajax=1&random=0.3491692365228152&action=list_ex&begin=920&count=5&query=&fakeid=MjM5OTk4MDE2MA%3D%3D&type=9 HTTP/1.1" 200 3246
2022-05-20 16:09:14 DEBUG Starting new HTTPS connection (1): mp.weixin.qq.com:443
2022-05-20 16:09:15 DEBUG https://mp.weixin.qq.com:443 "GET /cgi-bin/appmsg?token=1229675935&lang=zh_CN&f=json&ajax=1&random=0.6939577595428751&action=list_ex&begin=925&count=5&query=&fakeid=MjM5OTk4MDE2MA%3D%3D&type=9 HTTP/1.1" 200 3231
2022-05-20 16:09:20 DEBUG Starting new HTTPS connection (1): mp.weixin.qq.com:443
2022-05-20 16:09:21 DEBUG https://mp.weixin.qq.com:443 "GET /cgi-bin/appmsg?token=1229675935&lang=zh_CN&f=json&ajax=1&random=0.8333433943423306&action=list_ex&begin=930&count=5&query=&fakeid=MjM5OTk4MDE2MA%3D%3D&type=9 HTTP/1.1" 200 3346
2022-05-20 16:09:27 DEBUG Starting new HTTPS connection (1): mp.weixin.qq.com:443
2022-05-20 16:09:27 DEBUG https://mp.weixin.qq.com:443 "GET /cgi-bin/appmsg?token=1229675935&lang=zh_CN&f=json&ajax=1&random=0.6175729120555786&action=list_ex&begin=935&count=5&query=&fakeid=MjM5OTk4MDE2MA%3D%3D&type=9 HTTP/1.1" 200 3225
2022-05-20 16:09:32 DEBUG Starting new HTTPS connection (1): mp.weixin.qq.com:443
2022-05-20 16:09:33 DEBUG https://mp.weixin.qq.com:443 "GET /cgi-bin/appmsg?token=1229675935&lang=zh_CN&f=json&ajax=1&random=0.7215794865625506&action=list_ex&begin=940&count=5&query=&fakeid=MjM5OTk4MDE2MA%3D%3D&type=9 HTTP/1.1" 200 3390
2022-05-20 16:09:38 DEBUG Starting new HTTPS connection (1): mp.weixin.qq.com:443
2022-05-20 16:09:40 DEBUG https://mp.weixin.qq.com:443 "GET /cgi-bin/appmsg?token=1229675935&lang=zh_CN&f=json&ajax=1&random=0.8305680059218362&action=list_ex&begin=945&count=5&query=&fakeid=MjM5OTk4MDE2MA%3D%3D&type=9 HTTP/1.1" 200 3926
2022-05-20 16:09:45 DEBUG Starting new HTTPS connection (1): mp.weixin.qq.com:443
2022-05-20 16:09:46 DEBUG https://mp.weixin.qq.com:443 "GET /cgi-bin/appmsg?token=1229675935&lang=zh_CN&f=json&ajax=1&random=0.266568075320713&action=list_ex&begin=950&count=5&query=&fakeid=MjM5OTk4MDE2MA%3D%3D&type=9 HTTP/1.1" 200 3133
2022-05-20 16:09:51 DEBUG Starting new HTTPS connection (1): mp.weixin.qq.com:443
2022-05-20 16:09:52 DEBUG https://mp.weixin.qq.com:443 "GET /cgi-bin/appmsg?token=1229675935&lang=zh_CN&f=json&ajax=1&random=0.15718641916504061&action=list_ex&begin=955&count=5&query=&fakeid=MjM5OTk4MDE2MA%3D%3D&type=9 HTTP/1.1" 200 3576
2022-05-20 16:09:57 DEBUG Starting new HTTPS connection (1): mp.weixin.qq.com:443
2022-05-20 16:09:58 DEBUG https://mp.weixin.qq.com:443 "GET /cgi-bin/appmsg?token=1229675935&lang=zh_CN&f=json&ajax=1&random=0.736915917924582&action=list_ex&begin=960&count=5&query=&fakeid=MjM5OTk4MDE2MA%3D%3D&type=9 HTTP/1.1" 200 3517
2022-05-20 16:10:03 DEBUG Starting new HTTPS connection (1): mp.weixin.qq.com:443
2022-05-20 16:10:04 DEBUG https://mp.weixin.qq.com:443 "GET /cgi-bin/appmsg?token=1229675935&lang=zh_CN&f=json&ajax=1&random=0.15535817467463342&action=list_ex&begin=965&count=5&query=&fakeid=MjM5OTk4MDE2MA%3D%3D&type=9 HTTP/1.1" 200 3556
2022-05-20 16:10:09 DEBUG Starting new HTTPS connection (1): mp.weixin.qq.com:443
2022-05-20 16:10:10 DEBUG https://mp.weixin.qq.com:443 "GET /cgi-bin/appmsg?token=1229675935&lang=zh_CN&f=json&ajax=1&random=0.7168403198090209&action=list_ex&begin=970&count=5&query=&fakeid=MjM5OTk4MDE2MA%3D%3D&type=9 HTTP/1.1" 200 3336
2022-05-20 16:10:15 DEBUG Starting new HTTPS connection (1): mp.weixin.qq.com:443
2022-05-20 16:10:16 DEBUG https://mp.weixin.qq.com:443 "GET /cgi-bin/appmsg?token=1229675935&lang=zh_CN&f=json&ajax=1&random=0.425770224547811&action=list_ex&begin=975&count=5&query=&fakeid=MjM5OTk4MDE2MA%3D%3D&type=9 HTTP/1.1" 200 3869
2022-05-20 16:10:21 DEBUG Starting new HTTPS connection (1): mp.weixin.qq.com:443
2022-05-20 16:10:22 DEBUG https://mp.weixin.qq.com:443 "GET /cgi-bin/appmsg?token=1229675935&lang=zh_CN&f=json&ajax=1&random=0.0148134165398488&action=list_ex&begin=980&count=5&query=&fakeid=MjM5OTk4MDE2MA%3D%3D&type=9 HTTP/1.1" 200 3479
2022-05-20 16:10:27 DEBUG Starting new HTTPS connection (1): mp.weixin.qq.com:443
2022-05-20 16:10:28 DEBUG https://mp.weixin.qq.com:443 "GET /cgi-bin/appmsg?token=1229675935&lang=zh_CN&f=json&ajax=1&random=0.239980461211581&action=list_ex&begin=985&count=5&query=&fakeid=MjM5OTk4MDE2MA%3D%3D&type=9 HTTP/1.1" 200 3750
2022-05-20 16:10:33 DEBUG Starting new HTTPS connection (1): mp.weixin.qq.com:443
2022-05-20 16:10:34 DEBUG https://mp.weixin.qq.com:443 "GET /cgi-bin/appmsg?token=1229675935&lang=zh_CN&f=json&ajax=1&random=0.5079210815944094&action=list_ex&begin=990&count=5&query=&fakeid=MjM5OTk4MDE2MA%3D%3D&type=9 HTTP/1.1" 200 3224
2022-05-20 16:10:39 DEBUG Starting new HTTPS connection (1): mp.weixin.qq.com:443
2022-05-20 16:10:40 DEBUG https://mp.weixin.qq.com:443 "GET /cgi-bin/appmsg?token=1229675935&lang=zh_CN&f=json&ajax=1&random=0.18212733766669242&action=list_ex&begin=995&count=5&query=&fakeid=MjM5OTk4MDE2MA%3D%3D&type=9 HTTP/1.1" 200 3483
2022-05-20 16:10:46 DEBUG Starting new HTTPS connection (1): mp.weixin.qq.com:443
2022-05-20 16:10:47 DEBUG https://mp.weixin.qq.com:443 "GET /cgi-bin/appmsg?token=1229675935&lang=zh_CN&f=json&ajax=1&random=0.7964568897799641&action=list_ex&begin=1000&count=5&query=&fakeid=MjM5OTk4MDE2MA%3D%3D&type=9 HTTP/1.1" 200 3513
2022-05-20 16:10:52 DEBUG Starting new HTTPS connection (1): mp.weixin.qq.com:443
2022-05-20 16:10:53 DEBUG https://mp.weixin.qq.com:443 "GET /cgi-bin/appmsg?token=1229675935&lang=zh_CN&f=json&ajax=1&random=0.5328743781863783&action=list_ex&begin=1005&count=5&query=&fakeid=MjM5OTk4MDE2MA%3D%3D&type=9 HTTP/1.1" 200 3573
2022-05-20 16:10:58 DEBUG Starting new HTTPS connection (1): mp.weixin.qq.com:443
2022-05-20 16:10:59 DEBUG https://mp.weixin.qq.com:443 "GET /cgi-bin/appmsg?token=1229675935&lang=zh_CN&f=json&ajax=1&random=0.17925012795466233&action=list_ex&begin=1010&count=5&query=&fakeid=MjM5OTk4MDE2MA%3D%3D&type=9 HTTP/1.1" 200 3708
2022-05-20 16:11:04 DEBUG Starting new HTTPS connection (1): mp.weixin.qq.com:443
2022-05-20 16:11:05 DEBUG https://mp.weixin.qq.com:443 "GET /cgi-bin/appmsg?token=1229675935&lang=zh_CN&f=json&ajax=1&random=0.4676437693350821&action=list_ex&begin=1015&count=5&query=&fakeid=MjM5OTk4MDE2MA%3D%3D&type=9 HTTP/1.1" 200 3677
2022-05-20 16:11:10 DEBUG Starting new HTTPS connection (1): mp.weixin.qq.com:443
2022-05-20 16:11:11 DEBUG https://mp.weixin.qq.com:443 "GET /cgi-bin/appmsg?token=1229675935&lang=zh_CN&f=json&ajax=1&random=0.7837025021028213&action=list_ex&begin=1020&count=5&query=&fakeid=MjM5OTk4MDE2MA%3D%3D&type=9 HTTP/1.1" 200 3777
2022-05-20 16:11:16 DEBUG Starting new HTTPS connection (1): mp.weixin.qq.com:443
2022-05-20 16:11:17 DEBUG https://mp.weixin.qq.com:443 "GET /cgi-bin/appmsg?token=1229675935&lang=zh_CN&f=json&ajax=1&random=0.15453550833888452&action=list_ex&begin=1025&count=5&query=&fakeid=MjM5OTk4MDE2MA%3D%3D&type=9 HTTP/1.1" 200 3567
2022-05-20 16:11:22 DEBUG Starting new HTTPS connection (1): mp.weixin.qq.com:443
2022-05-20 16:11:23 DEBUG https://mp.weixin.qq.com:443 "GET /cgi-bin/appmsg?token=1229675935&lang=zh_CN&f=json&ajax=1&random=0.73641858007612&action=list_ex&begin=1030&count=5&query=&fakeid=MjM5OTk4MDE2MA%3D%3D&type=9 HTTP/1.1" 200 3769
2022-05-20 16:11:28 DEBUG Starting new HTTPS connection (1): mp.weixin.qq.com:443
2022-05-20 16:11:29 DEBUG https://mp.weixin.qq.com:443 "GET /cgi-bin/appmsg?token=1229675935&lang=zh_CN&f=json&ajax=1&random=0.7557481564973489&action=list_ex&begin=1035&count=5&query=&fakeid=MjM5OTk4MDE2MA%3D%3D&type=9 HTTP/1.1" 200 3698
2022-05-20 16:11:34 DEBUG Starting new HTTPS connection (1): mp.weixin.qq.com:443
2022-05-20 16:11:35 DEBUG https://mp.weixin.qq.com:443 "GET /cgi-bin/appmsg?token=1229675935&lang=zh_CN&f=json&ajax=1&random=0.592593087117132&action=list_ex&begin=1040&count=5&query=&fakeid=MjM5OTk4MDE2MA%3D%3D&type=9 HTTP/1.1" 200 3383
2022-05-20 16:11:40 DEBUG Starting new HTTPS connection (1): mp.weixin.qq.com:443
2022-05-20 16:11:42 DEBUG https://mp.weixin.qq.com:443 "GET /cgi-bin/appmsg?token=1229675935&lang=zh_CN&f=json&ajax=1&random=0.8924592012039707&action=list_ex&begin=1045&count=5&query=&fakeid=MjM5OTk4MDE2MA%3D%3D&type=9 HTTP/1.1" 200 3388
2022-05-20 16:11:47 DEBUG Starting new HTTPS connection (1): mp.weixin.qq.com:443
2022-05-20 16:11:48 DEBUG https://mp.weixin.qq.com:443 "GET /cgi-bin/appmsg?token=1229675935&lang=zh_CN&f=json&ajax=1&random=0.8048556801943468&action=list_ex&begin=1050&count=5&query=&fakeid=MjM5OTk4MDE2MA%3D%3D&type=9 HTTP/1.1" 200 3284
2022-05-20 16:11:53 DEBUG Starting new HTTPS connection (1): mp.weixin.qq.com:443
2022-05-20 16:11:54 DEBUG https://mp.weixin.qq.com:443 "GET /cgi-bin/appmsg?token=1229675935&lang=zh_CN&f=json&ajax=1&random=0.7408493374352388&action=list_ex&begin=1055&count=5&query=&fakeid=MjM5OTk4MDE2MA%3D%3D&type=9 HTTP/1.1" 200 3348
2022-05-20 16:11:59 DEBUG Starting new HTTPS connection (1): mp.weixin.qq.com:443
2022-05-20 16:12:00 DEBUG https://mp.weixin.qq.com:443 "GET /cgi-bin/appmsg?token=1229675935&lang=zh_CN&f=json&ajax=1&random=0.7935727910007456&action=list_ex&begin=1060&count=5&query=&fakeid=MjM5OTk4MDE2MA%3D%3D&type=9 HTTP/1.1" 200 3525
2022-05-20 16:12:05 DEBUG Starting new HTTPS connection (1): mp.weixin.qq.com:443
2022-05-20 16:12:06 DEBUG https://mp.weixin.qq.com:443 "GET /cgi-bin/appmsg?token=1229675935&lang=zh_CN&f=json&ajax=1&random=0.49283456141150295&action=list_ex&begin=1065&count=5&query=&fakeid=MjM5OTk4MDE2MA%3D%3D&type=9 HTTP/1.1" 200 3467
2022-05-20 16:12:11 DEBUG Starting new HTTPS connection (1): mp.weixin.qq.com:443
2022-05-20 16:12:12 DEBUG https://mp.weixin.qq.com:443 "GET /cgi-bin/appmsg?token=1229675935&lang=zh_CN&f=json&ajax=1&random=0.8991967415074008&action=list_ex&begin=1070&count=5&query=&fakeid=MjM5OTk4MDE2MA%3D%3D&type=9 HTTP/1.1" 200 3468
2022-05-20 16:12:17 DEBUG Starting new HTTPS connection (1): mp.weixin.qq.com:443
2022-05-20 16:12:19 DEBUG https://mp.weixin.qq.com:443 "GET /cgi-bin/appmsg?token=1229675935&lang=zh_CN&f=json&ajax=1&random=0.6951744898341221&action=list_ex&begin=1075&count=5&query=&fakeid=MjM5OTk4MDE2MA%3D%3D&type=9 HTTP/1.1" 200 3863
2022-05-20 16:12:24 DEBUG Starting new HTTPS connection (1): mp.weixin.qq.com:443
2022-05-20 16:12:25 DEBUG https://mp.weixin.qq.com:443 "GET /cgi-bin/appmsg?token=1229675935&lang=zh_CN&f=json&ajax=1&random=0.3861798127494608&action=list_ex&begin=1080&count=5&query=&fakeid=MjM5OTk4MDE2MA%3D%3D&type=9 HTTP/1.1" 200 3365
2022-05-20 16:12:30 DEBUG Starting new HTTPS connection (1): mp.weixin.qq.com:443
2022-05-20 16:12:31 DEBUG https://mp.weixin.qq.com:443 "GET /cgi-bin/appmsg?token=1229675935&lang=zh_CN&f=json&ajax=1&random=0.4567974171529351&action=list_ex&begin=1085&count=5&query=&fakeid=MjM5OTk4MDE2MA%3D%3D&type=9 HTTP/1.1" 200 3779
2022-05-20 16:12:36 DEBUG Starting new HTTPS connection (1): mp.weixin.qq.com:443
2022-05-20 16:12:37 DEBUG https://mp.weixin.qq.com:443 "GET /cgi-bin/appmsg?token=1229675935&lang=zh_CN&f=json&ajax=1&random=0.6263253260448534&action=list_ex&begin=1090&count=5&query=&fakeid=MjM5OTk4MDE2MA%3D%3D&type=9 HTTP/1.1" 200 3337
2022-05-20 16:12:42 DEBUG Starting new HTTPS connection (1): mp.weixin.qq.com:443
2022-05-20 16:12:43 DEBUG https://mp.weixin.qq.com:443 "GET /cgi-bin/appmsg?token=1229675935&lang=zh_CN&f=json&ajax=1&random=0.6834246561601518&action=list_ex&begin=1095&count=5&query=&fakeid=MjM5OTk4MDE2MA%3D%3D&type=9 HTTP/1.1" 200 3595
2022-05-20 16:12:48 DEBUG Starting new HTTPS connection (1): mp.weixin.qq.com:443
2022-05-20 16:12:50 DEBUG https://mp.weixin.qq.com:443 "GET /cgi-bin/appmsg?token=1229675935&lang=zh_CN&f=json&ajax=1&random=0.9035020008667383&action=list_ex&begin=1100&count=5&query=&fakeid=MjM5OTk4MDE2MA%3D%3D&type=9 HTTP/1.1" 200 3225
2022-05-20 16:12:55 DEBUG Starting new HTTPS connection (1): mp.weixin.qq.com:443
2022-05-20 16:12:56 DEBUG https://mp.weixin.qq.com:443 "GET /cgi-bin/appmsg?token=1229675935&lang=zh_CN&f=json&ajax=1&random=0.769428318166948&action=list_ex&begin=1105&count=5&query=&fakeid=MjM5OTk4MDE2MA%3D%3D&type=9 HTTP/1.1" 200 3410
2022-05-20 16:13:01 DEBUG Starting new HTTPS connection (1): mp.weixin.qq.com:443
2022-05-20 16:13:02 DEBUG https://mp.weixin.qq.com:443 "GET /cgi-bin/appmsg?token=1229675935&lang=zh_CN&f=json&ajax=1&random=0.5075301875924808&action=list_ex&begin=1110&count=5&query=&fakeid=MjM5OTk4MDE2MA%3D%3D&type=9 HTTP/1.1" 200 3254
2022-05-20 16:13:07 DEBUG Starting new HTTPS connection (1): mp.weixin.qq.com:443
2022-05-20 16:13:08 DEBUG https://mp.weixin.qq.com:443 "GET /cgi-bin/appmsg?token=1229675935&lang=zh_CN&f=json&ajax=1&random=0.9657360628403675&action=list_ex&begin=1115&count=5&query=&fakeid=MjM5OTk4MDE2MA%3D%3D&type=9 HTTP/1.1" 200 3545
2022-05-20 16:13:13 DEBUG Starting new HTTPS connection (1): mp.weixin.qq.com:443
2022-05-20 16:13:14 DEBUG https://mp.weixin.qq.com:443 "GET /cgi-bin/appmsg?token=1229675935&lang=zh_CN&f=json&ajax=1&random=0.8442064721016856&action=list_ex&begin=1120&count=5&query=&fakeid=MjM5OTk4MDE2MA%3D%3D&type=9 HTTP/1.1" 200 3577
2022-05-20 16:13:19 DEBUG Starting new HTTPS connection (1): mp.weixin.qq.com:443
2022-05-20 16:13:20 DEBUG https://mp.weixin.qq.com:443 "GET /cgi-bin/appmsg?token=1229675935&lang=zh_CN&f=json&ajax=1&random=0.9830474917309578&action=list_ex&begin=1125&count=5&query=&fakeid=MjM5OTk4MDE2MA%3D%3D&type=9 HTTP/1.1" 200 3542
2022-05-20 16:13:25 DEBUG Starting new HTTPS connection (1): mp.weixin.qq.com:443
2022-05-20 16:13:27 DEBUG https://mp.weixin.qq.com:443 "GET /cgi-bin/appmsg?token=1229675935&lang=zh_CN&f=json&ajax=1&random=0.05787544307411252&action=list_ex&begin=1130&count=5&query=&fakeid=MjM5OTk4MDE2MA%3D%3D&type=9 HTTP/1.1" 200 3599
2022-05-20 16:13:32 DEBUG Starting new HTTPS connection (1): mp.weixin.qq.com:443
2022-05-20 16:13:33 DEBUG https://mp.weixin.qq.com:443 "GET /cgi-bin/appmsg?token=1229675935&lang=zh_CN&f=json&ajax=1&random=0.6190136249555902&action=list_ex&begin=1135&count=5&query=&fakeid=MjM5OTk4MDE2MA%3D%3D&type=9 HTTP/1.1" 200 3606
2022-05-20 16:13:38 DEBUG Starting new HTTPS connection (1): mp.weixin.qq.com:443
2022-05-20 16:13:39 DEBUG https://mp.weixin.qq.com:443 "GET /cgi-bin/appmsg?token=1229675935&lang=zh_CN&f=json&ajax=1&random=0.9537275267659384&action=list_ex&begin=1140&count=5&query=&fakeid=MjM5OTk4MDE2MA%3D%3D&type=9 HTTP/1.1" 200 3780
2022-05-20 16:13:44 DEBUG Starting new HTTPS connection (1): mp.weixin.qq.com:443
2022-05-20 16:13:45 DEBUG https://mp.weixin.qq.com:443 "GET /cgi-bin/appmsg?token=1229675935&lang=zh_CN&f=json&ajax=1&random=0.074437567277987&action=list_ex&begin=1145&count=5&query=&fakeid=MjM5OTk4MDE2MA%3D%3D&type=9 HTTP/1.1" 200 3235
2022-05-20 16:13:50 DEBUG Starting new HTTPS connection (1): mp.weixin.qq.com:443
2022-05-20 16:13:51 DEBUG https://mp.weixin.qq.com:443 "GET /cgi-bin/appmsg?token=1229675935&lang=zh_CN&f=json&ajax=1&random=0.1790514641847024&action=list_ex&begin=1150&count=5&query=&fakeid=MjM5OTk4MDE2MA%3D%3D&type=9 HTTP/1.1" 200 3649
2022-05-20 16:13:56 DEBUG Starting new HTTPS connection (1): mp.weixin.qq.com:443
2022-05-20 16:13:57 DEBUG https://mp.weixin.qq.com:443 "GET /cgi-bin/appmsg?token=1229675935&lang=zh_CN&f=json&ajax=1&random=0.331854223797182&action=list_ex&begin=1155&count=5&query=&fakeid=MjM5OTk4MDE2MA%3D%3D&type=9 HTTP/1.1" 200 3913
2022-05-20 16:14:02 DEBUG Starting new HTTPS connection (1): mp.weixin.qq.com:443
2022-05-20 16:14:04 DEBUG https://mp.weixin.qq.com:443 "GET /cgi-bin/appmsg?token=1229675935&lang=zh_CN&f=json&ajax=1&random=0.03763035835756312&action=list_ex&begin=1160&count=5&query=&fakeid=MjM5OTk4MDE2MA%3D%3D&type=9 HTTP/1.1" 200 3981
2022-05-20 16:14:09 DEBUG Starting new HTTPS connection (1): mp.weixin.qq.com:443
2022-05-20 16:14:10 DEBUG https://mp.weixin.qq.com:443 "GET /cgi-bin/appmsg?token=1229675935&lang=zh_CN&f=json&ajax=1&random=0.8248283163612968&action=list_ex&begin=1165&count=5&query=&fakeid=MjM5OTk4MDE2MA%3D%3D&type=9 HTTP/1.1" 200 3936
2022-05-20 16:14:15 DEBUG Starting new HTTPS connection (1): mp.weixin.qq.com:443
2022-05-20 16:14:16 DEBUG https://mp.weixin.qq.com:443 "GET /cgi-bin/appmsg?token=1229675935&lang=zh_CN&f=json&ajax=1&random=0.3048209420684884&action=list_ex&begin=1170&count=5&query=&fakeid=MjM5OTk4MDE2MA%3D%3D&type=9 HTTP/1.1" 200 3702
2022-05-20 16:14:21 DEBUG Starting new HTTPS connection (1): mp.weixin.qq.com:443
2022-05-20 16:14:22 DEBUG https://mp.weixin.qq.com:443 "GET /cgi-bin/appmsg?token=1229675935&lang=zh_CN&f=json&ajax=1&random=0.5931423317644507&action=list_ex&begin=1175&count=5&query=&fakeid=MjM5OTk4MDE2MA%3D%3D&type=9 HTTP/1.1" 200 3824
2022-05-20 16:14:27 DEBUG Starting new HTTPS connection (1): mp.weixin.qq.com:443
2022-05-20 16:14:28 DEBUG https://mp.weixin.qq.com:443 "GET /cgi-bin/appmsg?token=1229675935&lang=zh_CN&f=json&ajax=1&random=0.7394249894519417&action=list_ex&begin=1180&count=5&query=&fakeid=MjM5OTk4MDE2MA%3D%3D&type=9 HTTP/1.1" 200 3861
2022-05-20 16:14:33 DEBUG Starting new HTTPS connection (1): mp.weixin.qq.com:443
2022-05-20 16:14:34 DEBUG https://mp.weixin.qq.com:443 "GET /cgi-bin/appmsg?token=1229675935&lang=zh_CN&f=json&ajax=1&random=0.8585172728149044&action=list_ex&begin=1185&count=5&query=&fakeid=MjM5OTk4MDE2MA%3D%3D&type=9 HTTP/1.1" 200 3798
2022-05-20 16:14:39 DEBUG Starting new HTTPS connection (1): mp.weixin.qq.com:443
2022-05-20 16:14:41 DEBUG https://mp.weixin.qq.com:443 "GET /cgi-bin/appmsg?token=1229675935&lang=zh_CN&f=json&ajax=1&random=0.7758246959593383&action=list_ex&begin=1190&count=5&query=&fakeid=MjM5OTk4MDE2MA%3D%3D&type=9 HTTP/1.1" 200 3928
2022-05-20 16:14:46 DEBUG Starting new HTTPS connection (1): mp.weixin.qq.com:443
2022-05-20 16:14:47 DEBUG https://mp.weixin.qq.com:443 "GET /cgi-bin/appmsg?token=1229675935&lang=zh_CN&f=json&ajax=1&random=0.7314007191991058&action=list_ex&begin=1195&count=5&query=&fakeid=MjM5OTk4MDE2MA%3D%3D&type=9 HTTP/1.1" 200 3678
2022-05-20 16:14:52 DEBUG Starting new HTTPS connection (1): mp.weixin.qq.com:443
2022-05-20 16:14:53 DEBUG https://mp.weixin.qq.com:443 "GET /cgi-bin/appmsg?token=1229675935&lang=zh_CN&f=json&ajax=1&random=0.43137897473509224&action=list_ex&begin=1200&count=5&query=&fakeid=MjM5OTk4MDE2MA%3D%3D&type=9 HTTP/1.1" 200 3988
2022-05-20 16:14:58 DEBUG Starting new HTTPS connection (1): mp.weixin.qq.com:443
2022-05-20 16:14:59 DEBUG https://mp.weixin.qq.com:443 "GET /cgi-bin/appmsg?token=1229675935&lang=zh_CN&f=json&ajax=1&random=0.21021201182290417&action=list_ex&begin=1205&count=5&query=&fakeid=MjM5OTk4MDE2MA%3D%3D&type=9 HTTP/1.1" 200 4147
2022-05-20 16:15:04 DEBUG Starting new HTTPS connection (1): mp.weixin.qq.com:443
2022-05-20 16:15:06 DEBUG https://mp.weixin.qq.com:443 "GET /cgi-bin/appmsg?token=1229675935&lang=zh_CN&f=json&ajax=1&random=0.6498657327791361&action=list_ex&begin=1210&count=5&query=&fakeid=MjM5OTk4MDE2MA%3D%3D&type=9 HTTP/1.1" 200 3680
2022-05-20 16:15:11 DEBUG Starting new HTTPS connection (1): mp.weixin.qq.com:443
2022-05-20 16:15:13 DEBUG https://mp.weixin.qq.com:443 "GET /cgi-bin/appmsg?token=1229675935&lang=zh_CN&f=json&ajax=1&random=0.6726605882747457&action=list_ex&begin=1215&count=5&query=&fakeid=MjM5OTk4MDE2MA%3D%3D&type=9 HTTP/1.1" 200 4008
2022-05-20 16:15:18 DEBUG Starting new HTTPS connection (1): mp.weixin.qq.com:443
2022-05-20 16:15:22 DEBUG https://mp.weixin.qq.com:443 "GET /cgi-bin/appmsg?token=1229675935&lang=zh_CN&f=json&ajax=1&random=0.48981465719730743&action=list_ex&begin=1220&count=5&query=&fakeid=MjM5OTk4MDE2MA%3D%3D&type=9 HTTP/1.1" 200 4061
2022-05-20 16:15:27 DEBUG Starting new HTTPS connection (1): mp.weixin.qq.com:443
2022-05-20 16:15:32 DEBUG https://mp.weixin.qq.com:443 "GET /cgi-bin/appmsg?token=1229675935&lang=zh_CN&f=json&ajax=1&random=0.7708153383807604&action=list_ex&begin=1225&count=5&query=&fakeid=MjM5OTk4MDE2MA%3D%3D&type=9 HTTP/1.1" 200 4118
2022-05-20 16:15:37 DEBUG Starting new HTTPS connection (1): mp.weixin.qq.com:443
2022-05-20 16:15:37 DEBUG https://mp.weixin.qq.com:443 "GET /cgi-bin/appmsg?token=1229675935&lang=zh_CN&f=json&ajax=1&random=0.44250325481808916&action=list_ex&begin=1230&count=5&query=&fakeid=MjM5OTk4MDE2MA%3D%3D&type=9 HTTP/1.1" 200 53
