启动浏览器，打开微信公众号登录界面
请拿手机扫码二维码登录公众号
登录成功
<class 'list'>
[{'domain': 'mp.weixin.qq.com', 'expiry': 4294967295, 'httpOnly': False, 'name': 'mm_lang', 'path': '/', 'secure': True, 'value': 'zh_CN'}, {'domain': 'mp.weixin.qq.com', 'expiry': 1653215815, 'httpOnly': True, 'name': 'slave_user', 'path': '/', 'secure': True, 'value': 'gh_52a317853636'}, {'domain': 'mp.weixin.qq.com', 'expiry': 2147483647, 'httpOnly': True, 'name': 'ua_id', 'path': '/', 'secure': True, 'value': 'ypZEWOaLTtImxG4OAAAAAKToz0Phbd8aSw0RIfLkmDQ='}, {'domain': 'mp.weixin.qq.com', 'expiry': 2147483647, 'httpOnly': True, 'name': 'xid', 'path': '/', 'secure': True, 'value': 'f55fe2c33938c48f0d95aa45b29d2d8d'}, {'domain': 'mp.weixin.qq.com', 'expiry': 1653215815, 'httpOnly': True, 'name': 'slave_sid', 'path': '/', 'secure': True, 'value': 'cVRCaDh1aDRseU1IYk9wOFlnNGRINnRaaG9OTXNkaUExb25YeU1ZVVgwYUlnbWdINUxyckp3aDNqS192ekVpNkliQzVFOGR1ZDNreXhGMVpPU2h6em5zZEJHcXBtMlFRamtxSW9Pel9Od19xVFRoS052bU9aN1dyWTlsQXZ6eGdBVGk0a2R2bXgxb0MwQ3pt'}, {'domain': 'mp.weixin.qq.com', 'httpOnly': True, 'name': 'uuid', 'path': '/', 'secure': True, 'value': '197947aab6cf9e674a37956a3f428db1'}, {'domain': 'mp.weixin.qq.com', 'expiry': 1653215815, 'httpOnly': True, 'name': 'data_ticket', 'path': '/', 'secure': True, 'value': 'UnyAA3MC1ky/ck7sOrhpuxGJiHxLhBeLTF3R1lW4Y1YowfsIQpB/HYyickSoQT5v'}, {'domain': 'mp.weixin.qq.com', 'expiry': 1653215815, 'httpOnly': True, 'name': 'bizuin', 'path': '/', 'secure': True, 'value': '3949376427'}, {'domain': 'mp.weixin.qq.com', 'expiry': 1653215815, 'httpOnly': True, 'name': 'data_bizuin', 'path': '/', 'secure': True, 'value': '3949376427'}, {'domain': 'mp.weixin.qq.com', 'expiry': 1653215815, 'httpOnly': True, 'name': 'slave_bizuin', 'path': '/', 'secure': True, 'value': '3949376427'}, {'domain': 'mp.weixin.qq.com', 'expiry': 2147454655, 'httpOnly': False, 'name': 'wxuin', 'path': '/', 'secure': False, 'value': '52870197799703'}, {'domain': 'mp.weixin.qq.com', 'expiry': 1653215815, 'httpOnly': True, 'name': 'rand_info', 'path': '/', 'secure': True, 'value': 'CAESICGJ6ypoS4Wbt9TfPb39F8w9IkEPjFQUqX1vQjhyXe1i'}]
<class 'dict'>
{'mm_lang': 'zh_CN', 'slave_user': 'gh_52a317853636', 'ua_id': 'ypZEWOaLTtImxG4OAAAAAKToz0Phbd8aSw0RIfLkmDQ=', 'xid': 'f55fe2c33938c48f0d95aa45b29d2d8d', 'slave_sid': 'cVRCaDh1aDRseU1IYk9wOFlnNGRINnRaaG9OTXNkaUExb25YeU1ZVVgwYUlnbWdINUxyckp3aDNqS192ekVpNkliQzVFOGR1ZDNreXhGMVpPU2h6em5zZEJHcXBtMlFRamtxSW9Pel9Od19xVFRoS052bU9aN1dyWTlsQXZ6eGdBVGk0a2R2bXgxb0MwQ3pt', 'uuid': '197947aab6cf9e674a37956a3f428db1', 'data_ticket': 'UnyAA3MC1ky/ck7sOrhpuxGJiHxLhBeLTF3R1lW4Y1YowfsIQpB/HYyickSoQT5v', 'bizuin': '3949376427', 'data_bizuin': '3949376427', 'slave_bizuin': '3949376427', 'wxuin': '52870197799703', 'rand_info': 'CAESICGJ6ypoS4Wbt9TfPb39F8w9IkEPjFQUqX1vQjhyXe1i'}
<class 'str'>
{"mm_lang": "zh_CN", "slave_user": "gh_52a317853636", "ua_id": "ypZEWOaLTtImxG4OAAAAAKToz0Phbd8aSw0RIfLkmDQ=", "xid": "f55fe2c33938c48f0d95aa45b29d2d8d", "slave_sid": "cVRCaDh1aDRseU1IYk9wOFlnNGRINnRaaG9OTXNkaUExb25YeU1ZVVgwYUlnbWdINUxyckp3aDNqS192ekVpNkliQzVFOGR1ZDNreXhGMVpPU2h6em5zZEJHcXBtMlFRamtxSW9Pel9Od19xVFRoS052bU9aN1dyWTlsQXZ6eGdBVGk0a2R2bXgxb0MwQ3pt", "uuid": "197947aab6cf9e674a37956a3f428db1", "data_ticket": "UnyAA3MC1ky/ck7sOrhpuxGJiHxLhBeLTF3R1lW4Y1YowfsIQpB/HYyickSoQT5v", "bizuin": "3949376427", "data_bizuin": "3949376427", "slave_bizuin": "3949376427", "wxuin": "52870197799703", "rand_info": "CAESICGJ6ypoS4Wbt9TfPb39F8w9IkEPjFQUqX1vQjhyXe1i"}
cookies信息已保存到本地
开始爬取公众号：白帽汇安全
历史文章总数为 28
28
正在翻页：-------------- 735
/Users/dip/PycharmProjects/TornadoCURD/main.py:49: DeprecationWarning: executable_path has been deprecated, please pass in a Service object
  driver = webdriver.Chrome(executable_path=CHROME_DRIVER)
Traceback (most recent call last):
  File "/Users/dip/PycharmProjects/TornadoCURD/main.py", line 217, in <module>
    get_content(query)
  File "/Users/dip/PycharmProjects/TornadoCURD/main.py", line 191, in get_content
    time.sleep(60)
KeyboardInterrupt
