启动浏览器，打开微信公众号登录界面
请拿手机扫码二维码登录公众号
登录成功
<class 'list'>
[{'domain': 'mp.weixin.qq.com', 'expiry': 4294967295, 'httpOnly': False, 'name': 'mm_lang', 'path': '/', 'secure': True, 'value': 'zh_CN'}, {'domain': 'mp.weixin.qq.com', 'expiry': 1653499828, 'httpOnly': True, 'name': 'slave_user', 'path': '/', 'secure': True, 'value': 'gh_52a317853636'}, {'domain': 'mp.weixin.qq.com', 'expiry': 2147483647, 'httpOnly': True, 'name': 'ua_id', 'path': '/', 'secure': True, 'value': 'wMcNA9byfkBQLl4XAAAAAIT0lh1b3x3ff0bL8cYh7og='}, {'domain': 'mp.weixin.qq.com', 'expiry': 2147483647, 'httpOnly': True, 'name': 'xid', 'path': '/', 'secure': True, 'value': '86df085c8ae2ded2dd03e52bfdc1b79e'}, {'domain': 'mp.weixin.qq.com', 'expiry': 1653499828, 'httpOnly': True, 'name': 'slave_sid', 'path': '/', 'secure': True, 'value': 'NGhWSzBNS1ZuOWFvZVZuQWl0STFrV3FwamFpUjlVYkFrTWw1bUFXbFFhQkZRRXc4Z0RMUHlHVHU5ME1VcDdlXzc0cm5kcWRyVENpakFIZ0JqUXVXYXhzeGE4T1AzbWtDZnhnSHdyVWlKT2ltWW5UeGlqcXhWMEI5azBOckRkY0U4WHNyWktmc0ZBUW5WSVZt'}, {'domain': 'mp.weixin.qq.com', 'httpOnly': True, 'name': 'uuid', 'path': '/', 'secure': True, 'value': '47e17b6cf0fac7575e2915d12d0d0456'}, {'domain': 'mp.weixin.qq.com', 'expiry': 1653499828, 'httpOnly': True, 'name': 'data_ticket', 'path': '/', 'secure': True, 'value': '6tbmaLMOea+7cMy0pgjQkHk7DWAZe6Q4S+Z25EzLm0ItBt3opz93LnPVDvfYgn/W'}, {'domain': 'mp.weixin.qq.com', 'expiry': 1653499828, 'httpOnly': True, 'name': 'bizuin', 'path': '/', 'secure': True, 'value': '3949376427'}, {'domain': 'mp.weixin.qq.com', 'expiry': 1653499828, 'httpOnly': True, 'name': 'data_bizuin', 'path': '/', 'secure': True, 'value': '3949376427'}, {'domain': 'mp.weixin.qq.com', 'expiry': 1653499828, 'httpOnly': True, 'name': 'slave_bizuin', 'path': '/', 'secure': True, 'value': '3949376427'}, {'domain': 'mp.weixin.qq.com', 'expiry': 2147454840, 'httpOnly': False, 'name': 'wxuin', 'path': '/', 'secure': False, 'value': '53154211171042'}, {'domain': 'mp.weixin.qq.com', 'expiry': 1653499828, 'httpOnly': True, 'name': 'rand_info', 'path': '/', 'secure': True, 'value': 'CAESIPjIRgBchfd4IEzIirWaGA66o1IpkQtvlnMQ6EDWGL6F'}]
<class 'dict'>
{'mm_lang': 'zh_CN', 'slave_user': 'gh_52a317853636', 'ua_id': 'wMcNA9byfkBQLl4XAAAAAIT0lh1b3x3ff0bL8cYh7og=', 'xid': '86df085c8ae2ded2dd03e52bfdc1b79e', 'slave_sid': 'NGhWSzBNS1ZuOWFvZVZuQWl0STFrV3FwamFpUjlVYkFrTWw1bUFXbFFhQkZRRXc4Z0RMUHlHVHU5ME1VcDdlXzc0cm5kcWRyVENpakFIZ0JqUXVXYXhzeGE4T1AzbWtDZnhnSHdyVWlKT2ltWW5UeGlqcXhWMEI5azBOckRkY0U4WHNyWktmc0ZBUW5WSVZt', 'uuid': '47e17b6cf0fac7575e2915d12d0d0456', 'data_ticket': '6tbmaLMOea+7cMy0pgjQkHk7DWAZe6Q4S+Z25EzLm0ItBt3opz93LnPVDvfYgn/W', 'bizuin': '3949376427', 'data_bizuin': '3949376427', 'slave_bizuin': '3949376427', 'wxuin': '53154211171042', 'rand_info': 'CAESIPjIRgBchfd4IEzIirWaGA66o1IpkQtvlnMQ6EDWGL6F'}
<class 'str'>
{"mm_lang": "zh_CN", "slave_user": "gh_52a317853636", "ua_id": "wMcNA9byfkBQLl4XAAAAAIT0lh1b3x3ff0bL8cYh7og=", "xid": "86df085c8ae2ded2dd03e52bfdc1b79e", "slave_sid": "NGhWSzBNS1ZuOWFvZVZuQWl0STFrV3FwamFpUjlVYkFrTWw1bUFXbFFhQkZRRXc4Z0RMUHlHVHU5ME1VcDdlXzc0cm5kcWRyVENpakFIZ0JqUXVXYXhzeGE4T1AzbWtDZnhnSHdyVWlKT2ltWW5UeGlqcXhWMEI5azBOckRkY0U4WHNyWktmc0ZBUW5WSVZt", "uuid": "47e17b6cf0fac7575e2915d12d0d0456", "data_ticket": "6tbmaLMOea+7cMy0pgjQkHk7DWAZe6Q4S+Z25EzLm0ItBt3opz93LnPVDvfYgn/W", "bizuin": "3949376427", "data_bizuin": "3949376427", "slave_bizuin": "3949376427", "wxuin": "53154211171042", "rand_info": "CAESIPjIRgBchfd4IEzIirWaGA66o1IpkQtvlnMQ6EDWGL6F"}
cookies信息已保存到本地
开始爬取公众号：计算机与网络安全
历史文章总数为 2588
2588
正在翻页：-------------- 1965
正在翻页：-------------- 1970
正在翻页：-------------- 1975
正在翻页：-------------- 1980
正在翻页：-------------- 1985
正在翻页：-------------- 1990
正在翻页：-------------- 1995
正在翻页：-------------- 2000
正在翻页：-------------- 2005
正在翻页：-------------- 2010
正在翻页：-------------- 2015
正在翻页：-------------- 2020
正在翻页：-------------- 2025
正在翻页：-------------- 2030
正在翻页：-------------- 2035
正在翻页：-------------- 2040
正在翻页：-------------- 2045
正在翻页：-------------- 2050
正在翻页：-------------- 2055
正在翻页：-------------- 2060
'NoneType' object is not iterable
/Users/dip/PycharmProjects/TornadoCURD/main.py:49: DeprecationWarning: executable_path has been deprecated, please pass in a Service object
  driver = webdriver.Chrome(executable_path=CHROME_DRIVER)
