启动浏览器，打开微信公众号登录界面
请拿手机扫码二维码登录公众号
登录成功
<class 'list'>
[{'domain': 'mp.weixin.qq.com', 'expiry': 4294967295, 'httpOnly': False, 'name': 'mm_lang', 'path': '/', 'secure': True, 'value': 'zh_CN'}, {'domain': 'mp.weixin.qq.com', 'expiry': 1654775184, 'httpOnly': True, 'name': 'slave_user', 'path': '/', 'secure': True, 'value': 'gh_52a317853636'}, {'domain': 'mp.weixin.qq.com', 'expiry': 2147483647, 'httpOnly': True, 'name': 'ua_id', 'path': '/', 'secure': True, 'value': '676ubE3H3a9AfTUgAAAAAL6Y15j4PO_MuRD0JIb5wcU='}, {'domain': 'mp.weixin.qq.com', 'expiry': 2147483647, 'httpOnly': True, 'name': 'xid', 'path': '/', 'secure': True, 'value': 'ed18894b6bbb63b6e509e22d2c6843ec'}, {'domain': 'mp.weixin.qq.com', 'expiry': 1654775184, 'httpOnly': True, 'name': 'slave_sid', 'path': '/', 'secure': True, 'value': 'M0g3aFFVaWFIbnE1OFJIaThZeU1YQnFVc1R2WVZjMlZQS0ZhdVdTeXJHdWRLWHlxY3JyMWppSlBXTjh4UVh0Z1VjYmxPV011V2FFVjd4RHdZVHg5MUtpQkFsXzhpVHhmd1ZyOWIyTnpUT3VLOEtfNHZWQmcxUXcxZDR3ZnlNeXRDSWRGZ3dLeFFkdWtMeDNQ'}, {'domain': 'mp.weixin.qq.com', 'httpOnly': True, 'name': 'uuid', 'path': '/', 'secure': True, 'value': '9677cfdf0db19c245091aac8c4b0fe28'}, {'domain': 'mp.weixin.qq.com', 'expiry': 1654775184, 'httpOnly': True, 'name': 'data_ticket', 'path': '/', 'secure': True, 'value': 'ah//wJ/aHZ3AQj+sMB6KqBHl8dPNYdPoBuX3/dm+FgW0962xv7Ei6GaQjIJ03NYh'}, {'domain': 'mp.weixin.qq.com', 'expiry': 1654775184, 'httpOnly': True, 'name': 'bizuin', 'path': '/', 'secure': True, 'value': '3949376427'}, {'domain': 'mp.weixin.qq.com', 'expiry': 1654775184, 'httpOnly': True, 'name': 'data_bizuin', 'path': '/', 'secure': True, 'value': '3949376427'}, {'domain': 'mp.weixin.qq.com', 'expiry': 1654775184, 'httpOnly': True, 'name': 'slave_bizuin', 'path': '/', 'secure': True, 'value': '3949376427'}, {'domain': 'mp.weixin.qq.com', 'expiry': 2147454835, 'httpOnly': False, 'name': 'wxuin', 'path': '/', 'secure': False, 'value': '54429554635462'}, {'domain': 'mp.weixin.qq.com', 'expiry': 1654775184, 'httpOnly': True, 'name': 'rand_info', 'path': '/', 'secure': True, 'value': 'CAESIJZquVfN222B3GcTN4nGAxzLla7aqs3ni+Dwy1l/PvWn'}]
<class 'dict'>
{'mm_lang': 'zh_CN', 'slave_user': 'gh_52a317853636', 'ua_id': '676ubE3H3a9AfTUgAAAAAL6Y15j4PO_MuRD0JIb5wcU=', 'xid': 'ed18894b6bbb63b6e509e22d2c6843ec', 'slave_sid': 'M0g3aFFVaWFIbnE1OFJIaThZeU1YQnFVc1R2WVZjMlZQS0ZhdVdTeXJHdWRLWHlxY3JyMWppSlBXTjh4UVh0Z1VjYmxPV011V2FFVjd4RHdZVHg5MUtpQkFsXzhpVHhmd1ZyOWIyTnpUT3VLOEtfNHZWQmcxUXcxZDR3ZnlNeXRDSWRGZ3dLeFFkdWtMeDNQ', 'uuid': '9677cfdf0db19c245091aac8c4b0fe28', 'data_ticket': 'ah//wJ/aHZ3AQj+sMB6KqBHl8dPNYdPoBuX3/dm+FgW0962xv7Ei6GaQjIJ03NYh', 'bizuin': '3949376427', 'data_bizuin': '3949376427', 'slave_bizuin': '3949376427', 'wxuin': '54429554635462', 'rand_info': 'CAESIJZquVfN222B3GcTN4nGAxzLla7aqs3ni+Dwy1l/PvWn'}
<class 'str'>
{"mm_lang": "zh_CN", "slave_user": "gh_52a317853636", "ua_id": "676ubE3H3a9AfTUgAAAAAL6Y15j4PO_MuRD0JIb5wcU=", "xid": "ed18894b6bbb63b6e509e22d2c6843ec", "slave_sid": "M0g3aFFVaWFIbnE1OFJIaThZeU1YQnFVc1R2WVZjMlZQS0ZhdVdTeXJHdWRLWHlxY3JyMWppSlBXTjh4UVh0Z1VjYmxPV011V2FFVjd4RHdZVHg5MUtpQkFsXzhpVHhmd1ZyOWIyTnpUT3VLOEtfNHZWQmcxUXcxZDR3ZnlNeXRDSWRGZ3dLeFFkdWtMeDNQ", "uuid": "9677cfdf0db19c245091aac8c4b0fe28", "data_ticket": "ah//wJ/aHZ3AQj+sMB6KqBHl8dPNYdPoBuX3/dm+FgW0962xv7Ei6GaQjIJ03NYh", "bizuin": "3949376427", "data_bizuin": "3949376427", "slave_bizuin": "3949376427", "wxuin": "54429554635462", "rand_info": "CAESIJZquVfN222B3GcTN4nGAxzLla7aqs3ni+Dwy1l/PvWn"}
cookies信息已保存到本地
开始爬取公众号：网络安全观
历史文章总数为 498
498
正在翻页：-------------- 0
20220605-194629
正在翻页：-------------- 5
20220605-194721
正在翻页：-------------- 10
20220605-194821
正在翻页：-------------- 15
20220605-194915
正在翻页：-------------- 20
20220605-195007
正在翻页：-------------- 25
20220605-195100
正在翻页：-------------- 30
20220605-195155
正在翻页：-------------- 35
20220605-195250
正在翻页：-------------- 40
20220605-195342
正在翻页：-------------- 45
20220605-195435
正在翻页：-------------- 50
20220605-195527
正在翻页：-------------- 55
20220605-195622
正在翻页：-------------- 60
20220605-195715
正在翻页：-------------- 65
20220605-195811
正在翻页：-------------- 70
20220605-195906
正在翻页：-------------- 75
20220605-195959
正在翻页：-------------- 80
20220605-200052
正在翻页：-------------- 85
20220605-200146
正在翻页：-------------- 90
20220605-200239
正在翻页：-------------- 95
20220605-200332
正在翻页：-------------- 100
20220605-200425
正在翻页：-------------- 105
20220605-200518
正在翻页：-------------- 110
20220605-200611
正在翻页：-------------- 115
20220605-200706
正在翻页：-------------- 120
20220605-200800
正在翻页：-------------- 125
20220605-200900
正在翻页：-------------- 130
20220605-200952
正在翻页：-------------- 135
20220605-201047
正在翻页：-------------- 140
20220605-201141
正在翻页：-------------- 145
20220605-201235
正在翻页：-------------- 150
20220605-201329
正在翻页：-------------- 155
20220605-201423
正在翻页：-------------- 160
20220605-201523
正在翻页：-------------- 165
20220605-201615
正在翻页：-------------- 170
20220605-201708
正在翻页：-------------- 175
20220605-201800
正在翻页：-------------- 180
20220605-201853
正在翻页：-------------- 185
20220605-201945
正在翻页：-------------- 190
20220605-202037
正在翻页：-------------- 195
20220605-202130
正在翻页：-------------- 200
20220605-202222
正在翻页：-------------- 205
20220605-202315
正在翻页：-------------- 210
20220605-202410
正在翻页：-------------- 215
20220605-202502
正在翻页：-------------- 220
20220605-202554
正在翻页：-------------- 225
20220605-202648
正在翻页：-------------- 230
20220605-202741
正在翻页：-------------- 235
20220605-202834
正在翻页：-------------- 240
20220605-202927
正在翻页：-------------- 245
20220605-203020
正在翻页：-------------- 250
20220605-203114
正在翻页：-------------- 255
20220605-203207
正在翻页：-------------- 260
20220605-203259
正在翻页：-------------- 265
20220605-203351
正在翻页：-------------- 270
20220605-203446
正在翻页：-------------- 275
20220605-203543
正在翻页：-------------- 280
20220605-203637
正在翻页：-------------- 285
20220605-203729
正在翻页：-------------- 290
20220605-203826
正在翻页：-------------- 295
20220605-203917
正在翻页：-------------- 300
20220605-204010
正在翻页：-------------- 305
20220605-204103
正在翻页：-------------- 310
20220605-204158
正在翻页：-------------- 315
20220605-204253
正在翻页：-------------- 320
20220605-204345
正在翻页：-------------- 325
20220605-204440
正在翻页：-------------- 330
20220605-204532
正在翻页：-------------- 335
20220605-204624
正在翻页：-------------- 340
20220605-204717
正在翻页：-------------- 345
20220605-204814
正在翻页：-------------- 350
20220605-204907
正在翻页：-------------- 355
20220605-205000
正在翻页：-------------- 360
20220605-205054
正在翻页：-------------- 365
20220605-205147
正在翻页：-------------- 370
20220605-205248
正在翻页：-------------- 375
20220605-205342
正在翻页：-------------- 380
20220605-205435
正在翻页：-------------- 385
20220605-205537
正在翻页：-------------- 390
20220605-205633
正在翻页：-------------- 395
20220605-205729
正在翻页：-------------- 400
20220605-205822
正在翻页：-------------- 405
20220605-205915
正在翻页：-------------- 410
20220605-210009
正在翻页：-------------- 415
20220605-210106
正在翻页：-------------- 420
20220605-210200
正在翻页：-------------- 425
20220605-210255
正在翻页：-------------- 430
20220605-210348
正在翻页：-------------- 435
20220605-210445
正在翻页：-------------- 440
20220605-210540
正在翻页：-------------- 445
20220605-210633
正在翻页：-------------- 450
20220605-210731
正在翻页：-------------- 455
20220605-210826
正在翻页：-------------- 460
20220605-210919
正在翻页：-------------- 465
20220605-211013
正在翻页：-------------- 470
20220605-211108
正在翻页：-------------- 475
20220605-211201
正在翻页：-------------- 480
20220605-211253
正在翻页：-------------- 485
20220605-211346
正在翻页：-------------- 490
20220605-211438
正在翻页：-------------- 495
20220605-211533
爬取完成
开始爬取公众号：网络空间安全军民融合创新中心
历史文章总数为 187
187
正在翻页：-------------- 0
20220605-211641
正在翻页：-------------- 5
20220605-211737
正在翻页：-------------- 10
20220605-211829
正在翻页：-------------- 15
20220605-211923
正在翻页：-------------- 20
20220605-212017
正在翻页：-------------- 25
20220605-212111
正在翻页：-------------- 30
20220605-212205
正在翻页：-------------- 35
20220605-212258
正在翻页：-------------- 40
20220605-212352
正在翻页：-------------- 45
20220605-212445
正在翻页：-------------- 50
20220605-212540
正在翻页：-------------- 55
20220605-212633
正在翻页：-------------- 60
20220605-212725
正在翻页：-------------- 65
20220605-212818
正在翻页：-------------- 70
20220605-212914
正在翻页：-------------- 75
20220605-213008
正在翻页：-------------- 80
20220605-213102
正在翻页：-------------- 85
20220605-213156
正在翻页：-------------- 90
20220605-213251
正在翻页：-------------- 95
20220605-213345
正在翻页：-------------- 100
20220605-213440
正在翻页：-------------- 105
20220605-213535
正在翻页：-------------- 110
20220605-213631
正在翻页：-------------- 115
20220605-213724
正在翻页：-------------- 120
20220605-213820
正在翻页：-------------- 125
20220605-213919
正在翻页：-------------- 130
20220605-214019
正在翻页：-------------- 135
20220605-214114
正在翻页：-------------- 140
20220605-214212
正在翻页：-------------- 145
20220605-214308
正在翻页：-------------- 150
20220605-214412
正在翻页：-------------- 155
20220605-214508
正在翻页：-------------- 160
20220605-214601
正在翻页：-------------- 165
20220605-214654
正在翻页：-------------- 170
20220605-214748
正在翻页：-------------- 175
20220605-214841
正在翻页：-------------- 180
20220605-214935
正在翻页：-------------- 185
20220605-215032
爬取完成
开始爬取公众号：小贝说安全
历史文章总数为 73
73
正在翻页：-------------- 0
20220605-215141
正在翻页：-------------- 5
20220605-215233
正在翻页：-------------- 10
20220605-215326
正在翻页：-------------- 15
20220605-215419
正在翻页：-------------- 20
20220605-215513
正在翻页：-------------- 25
20220605-215606
正在翻页：-------------- 30
20220605-215701
正在翻页：-------------- 35
20220605-215755
正在翻页：-------------- 40
20220605-215848
正在翻页：-------------- 45
20220605-215941
正在翻页：-------------- 50
20220605-220035
正在翻页：-------------- 55
20220605-220129
正在翻页：-------------- 60
20220605-220224
正在翻页：-------------- 65
20220605-220316
正在翻页：-------------- 70
20220605-220409
爬取完成
开始爬取公众号：行长叠报
历史文章总数为 548
548
正在翻页：-------------- 0
20220605-220520
正在翻页：-------------- 5
20220605-220612
正在翻页：-------------- 10
20220605-220705
正在翻页：-------------- 15
20220605-220758
正在翻页：-------------- 20
20220605-220851
正在翻页：-------------- 25
20220605-220947
正在翻页：-------------- 30
20220605-221039
正在翻页：-------------- 35
20220605-221134
正在翻页：-------------- 40
20220605-221226
正在翻页：-------------- 45
20220605-221319
正在翻页：-------------- 50
20220605-221411
正在翻页：-------------- 55
20220605-221506
正在翻页：-------------- 60
20220605-221559
正在翻页：-------------- 65
20220605-221652
正在翻页：-------------- 70
20220605-221744
正在翻页：-------------- 75
20220605-221838
正在翻页：-------------- 80
20220605-221933
正在翻页：-------------- 85
20220605-222029
正在翻页：-------------- 90
20220605-222121
正在翻页：-------------- 95
20220605-222215
正在翻页：-------------- 100
20220605-222307
正在翻页：-------------- 105
20220605-222402
正在翻页：-------------- 110
20220605-222500
正在翻页：-------------- 115
20220605-222553
正在翻页：-------------- 120
20220605-222646
正在翻页：-------------- 125
20220605-222739
正在翻页：-------------- 130
20220605-222832
正在翻页：-------------- 135
20220605-222925
正在翻页：-------------- 140
20220605-223018
正在翻页：-------------- 145
20220605-223113
正在翻页：-------------- 150
20220605-223208
正在翻页：-------------- 155
20220605-223301
正在翻页：-------------- 160
20220605-223353
正在翻页：-------------- 165
20220605-223446
正在翻页：-------------- 170
20220605-223543
正在翻页：-------------- 175
20220605-223636
正在翻页：-------------- 180
20220605-223729
正在翻页：-------------- 185
20220605-223828
正在翻页：-------------- 190
20220605-223922
正在翻页：-------------- 195
20220605-224021
正在翻页：-------------- 200
20220605-224114
正在翻页：-------------- 205
20220605-224213
正在翻页：-------------- 210
20220605-224315
正在翻页：-------------- 215
20220605-224413
正在翻页：-------------- 220
20220605-224511
正在翻页：-------------- 225
20220605-224605
正在翻页：-------------- 230
20220605-224703
正在翻页：-------------- 235
20220605-224756
正在翻页：-------------- 240
20220605-224850
正在翻页：-------------- 245
20220605-224947
正在翻页：-------------- 250
20220605-225040
正在翻页：-------------- 255
20220605-225135
正在翻页：-------------- 260
20220605-225229
正在翻页：-------------- 265
20220605-225322
正在翻页：-------------- 270
20220605-225417
正在翻页：-------------- 275
20220605-225514
正在翻页：-------------- 280
20220605-225608
正在翻页：-------------- 285
20220605-225701
正在翻页：-------------- 290
20220605-225754
正在翻页：-------------- 295
20220605-225854
正在翻页：-------------- 300
20220605-225951
正在翻页：-------------- 305
20220605-230045
正在翻页：-------------- 310
20220605-230137
正在翻页：-------------- 315
20220605-230231
正在翻页：-------------- 320
20220605-230325
正在翻页：-------------- 325
20220605-230417
正在翻页：-------------- 330
20220605-230510
正在翻页：-------------- 335
20220605-230605
正在翻页：-------------- 340
20220605-230659
正在翻页：-------------- 345
20220605-230752
正在翻页：-------------- 350
20220605-230846
正在翻页：-------------- 355
20220605-230947
正在翻页：-------------- 360
20220605-231042
正在翻页：-------------- 365
20220605-231135
正在翻页：-------------- 370
20220605-231229
正在翻页：-------------- 375
20220605-231326
正在翻页：-------------- 380
20220605-231423
正在翻页：-------------- 385
20220605-231517
正在翻页：-------------- 390
20220605-231610
正在翻页：-------------- 395
20220605-231710
正在翻页：-------------- 400
20220605-231803
正在翻页：-------------- 405
20220605-231856
正在翻页：-------------- 410
20220605-231949
正在翻页：-------------- 415
20220605-232042
正在翻页：-------------- 420
20220605-232134
正在翻页：-------------- 425
20220605-232228
正在翻页：-------------- 430
20220605-232322
正在翻页：-------------- 435
20220605-232415
正在翻页：-------------- 440
20220605-232507
正在翻页：-------------- 445
20220605-232601
正在翻页：-------------- 450
20220605-232654
正在翻页：-------------- 455
20220605-232747
正在翻页：-------------- 460
20220605-232840
正在翻页：-------------- 465
20220605-232935
正在翻页：-------------- 470
20220605-233027
正在翻页：-------------- 475
20220605-233122
正在翻页：-------------- 480
20220605-233216
正在翻页：-------------- 485
20220605-233309
正在翻页：-------------- 490
20220605-233404
正在翻页：-------------- 495
20220605-233457
正在翻页：-------------- 500
20220605-233550
正在翻页：-------------- 505
20220605-233643
正在翻页：-------------- 510
20220605-233737
正在翻页：-------------- 515
20220605-233829
正在翻页：-------------- 520
20220605-233922
正在翻页：-------------- 525
20220605-234015
正在翻页：-------------- 530
20220605-234109
正在翻页：-------------- 535
20220605-234202
正在翻页：-------------- 540
20220605-234255
正在翻页：-------------- 545
20220605-234350
爬取完成
开始爬取公众号：依蓝云
历史文章总数为 26
26
正在翻页：-------------- 0
20220605-234500
正在翻页：-------------- 5
20220605-234555
正在翻页：-------------- 10
20220605-234649
正在翻页：-------------- 15
20220605-234741
正在翻页：-------------- 20
20220605-234838
正在翻页：-------------- 25
20220605-234930
爬取完成
开始爬取公众号：邑安全
历史文章总数为 923
923
正在翻页：-------------- 0
20220605-235043
正在翻页：-------------- 5
20220605-235135
正在翻页：-------------- 10
20220605-235228
正在翻页：-------------- 15
20220605-235322
正在翻页：-------------- 20
20220605-235415
正在翻页：-------------- 25
20220605-235509
正在翻页：-------------- 30
20220605-235601
正在翻页：-------------- 35
20220605-235656
正在翻页：-------------- 40
20220605-235749
正在翻页：-------------- 45
20220605-235842
正在翻页：-------------- 50
20220605-235935
正在翻页：-------------- 55
20220606-000028
正在翻页：-------------- 60
20220606-000120
正在翻页：-------------- 65
20220606-000213
正在翻页：-------------- 70
20220606-000305
正在翻页：-------------- 75
20220606-000400
正在翻页：-------------- 80
20220606-000453
正在翻页：-------------- 85
20220606-000545
正在翻页：-------------- 90
20220606-000639
正在翻页：-------------- 95
20220606-000732
正在翻页：-------------- 100
20220606-000825
正在翻页：-------------- 105
20220606-000918
正在翻页：-------------- 110
20220606-001011
正在翻页：-------------- 115
20220606-001103
正在翻页：-------------- 120
20220606-001157
正在翻页：-------------- 125
20220606-001251
正在翻页：-------------- 130
20220606-001344
正在翻页：-------------- 135
20220606-001436
正在翻页：-------------- 140
20220606-001528
正在翻页：-------------- 145
20220606-001623
正在翻页：-------------- 150
20220606-001717
正在翻页：-------------- 155
20220606-001809
正在翻页：-------------- 160
20220606-001902
正在翻页：-------------- 165
20220606-001956
正在翻页：-------------- 170
20220606-002050
正在翻页：-------------- 175
20220606-002143
正在翻页：-------------- 180
20220606-002237
正在翻页：-------------- 185
20220606-002330
正在翻页：-------------- 190
20220606-002422
正在翻页：-------------- 195
20220606-002514
正在翻页：-------------- 200
20220606-002609
正在翻页：-------------- 205
20220606-002702
正在翻页：-------------- 210
20220606-002755
正在翻页：-------------- 215
20220606-002848
正在翻页：-------------- 220
20220606-002941
正在翻页：-------------- 225
20220606-003034
正在翻页：-------------- 230
20220606-003126
正在翻页：-------------- 235
20220606-003219
正在翻页：-------------- 240
20220606-003312
正在翻页：-------------- 245
20220606-003405
正在翻页：-------------- 250
20220606-003457
正在翻页：-------------- 255
20220606-003550
正在翻页：-------------- 260
20220606-003642
正在翻页：-------------- 265
20220606-003735
正在翻页：-------------- 270
20220606-003827
正在翻页：-------------- 275
20220606-003919
正在翻页：-------------- 280
20220606-004012
正在翻页：-------------- 285
20220606-004104
正在翻页：-------------- 290
20220606-004156
正在翻页：-------------- 295
20220606-004249
正在翻页：-------------- 300
20220606-004341
正在翻页：-------------- 305
20220606-004433
正在翻页：-------------- 310
20220606-004526
正在翻页：-------------- 315
20220606-004620
正在翻页：-------------- 320
20220606-004713
正在翻页：-------------- 325
20220606-004806
正在翻页：-------------- 330
20220606-004858
正在翻页：-------------- 335
20220606-004951
正在翻页：-------------- 340
20220606-005043
正在翻页：-------------- 345
20220606-005136
正在翻页：-------------- 350
20220606-005229
正在翻页：-------------- 355
20220606-005321
正在翻页：-------------- 360
20220606-005414
正在翻页：-------------- 365
20220606-005507
正在翻页：-------------- 370
20220606-005600
正在翻页：-------------- 375
20220606-005653
'NoneType' object is not iterable
/Users/dip/PycharmProjects/TornadoCURD/main.py:47: DeprecationWarning: executable_path has been deprecated, please pass in a Service object
  driver = webdriver.Chrome(executable_path=CHROME_DRIVER)
