启动浏览器，打开微信公众号登录界面
/Users/dip/PycharmProjects/TornadoCURD/main.py:49: DeprecationWarning: executable_path has been deprecated, please pass in a Service object
  driver = webdriver.Chrome(executable_path=CHROME_DRIVER)
Traceback (most recent call last):
  File "/Users/dip/PycharmProjects/TornadoCURD/main.py", line 209, in <module>
    weChat_login()
  File "/Users/dip/PycharmProjects/TornadoCURD/main.py", line 49, in weChat_login
    driver = webdriver.Chrome(executable_path=CHROME_DRIVER)
  File "/Users/dip/opt/miniconda3/envs/TornadoCURD/lib/python3.7/site-packages/selenium/webdriver/chrome/webdriver.py", line 73, in __init__
    service_log_path, service, keep_alive)
  File "/Users/dip/opt/miniconda3/envs/TornadoCURD/lib/python3.7/site-packages/selenium/webdriver/chromium/webdriver.py", line 99, in __init__
    options=options)
  File "/Users/dip/opt/miniconda3/envs/TornadoCURD/lib/python3.7/site-packages/selenium/webdriver/remote/webdriver.py", line 269, in __init__
    self.start_session(capabilities, browser_profile)
  File "/Users/dip/opt/miniconda3/envs/TornadoCURD/lib/python3.7/site-packages/selenium/webdriver/remote/webdriver.py", line 360, in start_session
    response = self.execute(Command.NEW_SESSION, parameters)
  File "/Users/dip/opt/miniconda3/envs/TornadoCURD/lib/python3.7/site-packages/selenium/webdriver/remote/webdriver.py", line 423, in execute
    response = self.command_executor.execute(driver_command, params)
  File "/Users/dip/opt/miniconda3/envs/TornadoCURD/lib/python3.7/site-packages/selenium/webdriver/remote/remote_connection.py", line 333, in execute
    return self._request(command_info[0], url, body=data)
  File "/Users/dip/opt/miniconda3/envs/TornadoCURD/lib/python3.7/site-packages/selenium/webdriver/remote/remote_connection.py", line 355, in _request
    resp = self._conn.request(method, url, body=body, headers=headers)
  File "/Users/dip/opt/miniconda3/envs/TornadoCURD/lib/python3.7/site-packages/urllib3/request.py", line 79, in request
    method, url, fields=fields, headers=headers, **urlopen_kw
  File "/Users/dip/opt/miniconda3/envs/TornadoCURD/lib/python3.7/site-packages/urllib3/request.py", line 170, in request_encode_body
    return self.urlopen(method, url, **extra_kw)
  File "/Users/dip/opt/miniconda3/envs/TornadoCURD/lib/python3.7/site-packages/urllib3/poolmanager.py", line 375, in urlopen
    response = conn.urlopen(method, u.request_uri, **kw)
  File "/Users/dip/opt/miniconda3/envs/TornadoCURD/lib/python3.7/site-packages/urllib3/connectionpool.py", line 710, in urlopen
    chunked=chunked,
  File "/Users/dip/opt/miniconda3/envs/TornadoCURD/lib/python3.7/site-packages/urllib3/connectionpool.py", line 449, in _make_request
    six.raise_from(e, None)
  File "<string>", line 3, in raise_from
  File "/Users/dip/opt/miniconda3/envs/TornadoCURD/lib/python3.7/site-packages/urllib3/connectionpool.py", line 444, in _make_request
    httplib_response = conn.getresponse()
  File "/Users/dip/opt/miniconda3/envs/TornadoCURD/lib/python3.7/http/client.py", line 1373, in getresponse
    response.begin()
  File "/Users/dip/opt/miniconda3/envs/TornadoCURD/lib/python3.7/http/client.py", line 319, in begin
    version, status, reason = self._read_status()
  File "/Users/dip/opt/miniconda3/envs/TornadoCURD/lib/python3.7/http/client.py", line 280, in _read_status
    line = str(self.fp.readline(_MAXLINE + 1), "iso-8859-1")
  File "/Users/dip/opt/miniconda3/envs/TornadoCURD/lib/python3.7/socket.py", line 589, in readinto
    return self._sock.recv_into(b)
KeyboardInterrupt
