启动浏览器，打开微信公众号登录界面
请拿手机扫码二维码登录公众号
登录成功
<class 'list'>
[{'domain': 'mp.weixin.qq.com', 'expiry': 4294967295, 'httpOnly': False, 'name': 'mm_lang', 'path': '/', 'secure': True, 'value': 'zh_CN'}, {'domain': 'mp.weixin.qq.com', 'expiry': 1653333650, 'httpOnly': True, 'name': 'slave_user', 'path': '/', 'secure': True, 'value': 'gh_52a317853636'}, {'domain': 'mp.weixin.qq.com', 'expiry': 2147483647, 'httpOnly': True, 'name': 'ua_id', 'path': '/', 'secure': True, 'value': 'uiKIfDRdWXujuW4wAAAAANAZ9MPa6F3mdIgRKPWivCA='}, {'domain': 'mp.weixin.qq.com', 'expiry': 2147483647, 'httpOnly': True, 'name': 'xid', 'path': '/', 'secure': True, 'value': '96d17ce3b5f4e617fdd86063131b9b21'}, {'domain': 'mp.weixin.qq.com', 'expiry': 1653333650, 'httpOnly': True, 'name': 'slave_sid', 'path': '/', 'secure': True, 'value': 'aWd1dGVyNHdiaGIyN2NicU5lNVhIQ1Z1WFJZU3JrUFVvNTRUWjY3aURaSGhhNmt5bW5hY0RXMVpPdGdRVHZoZ2x4WU1Wc2pxamYyQlVSenR2Qml3UEw0bEpQOE5oRXh5dUFKdTdzbTdDd0RMalRQRTJhZWJQQW5FUEtneTU2Z0NCOEp2Uk5LbzFIdW5UUFJ1'}, {'domain': 'mp.weixin.qq.com', 'httpOnly': True, 'name': 'uuid', 'path': '/', 'secure': True, 'value': '677b464d524efdd369632b1ca17429df'}, {'domain': 'mp.weixin.qq.com', 'expiry': 1653333650, 'httpOnly': True, 'name': 'data_ticket', 'path': '/', 'secure': True, 'value': 'hWjtcPWCVYbaU14O5nsZbmYckVy4+1GpMHpQb0qmbLaWcUyTtPsoRlQ70DKjFOyk'}, {'domain': 'mp.weixin.qq.com', 'expiry': 1653333650, 'httpOnly': True, 'name': 'bizuin', 'path': '/', 'secure': True, 'value': '3949376427'}, {'domain': 'mp.weixin.qq.com', 'expiry': 1653333650, 'httpOnly': True, 'name': 'data_bizuin', 'path': '/', 'secure': True, 'value': '3949376427'}, {'domain': 'mp.weixin.qq.com', 'expiry': 1653333650, 'httpOnly': True, 'name': 'slave_bizuin', 'path': '/', 'secure': True, 'value': '3949376427'}, {'domain': 'mp.weixin.qq.com', 'expiry': 2147454845, 'httpOnly': False, 'name': 'wxuin', 'path': '/', 'secure': False, 'value': '52988033607583'}, {'domain': 'mp.weixin.qq.com', 'expiry': 1653333650, 'httpOnly': True, 'name': 'rand_info', 'path': '/', 'secure': True, 'value': 'CAESIPN/8s+zKe3+C9vbLcLFyRC37CAjQMDPy2fNGZVY4bnv'}]
<class 'dict'>
{'mm_lang': 'zh_CN', 'slave_user': 'gh_52a317853636', 'ua_id': 'uiKIfDRdWXujuW4wAAAAANAZ9MPa6F3mdIgRKPWivCA=', 'xid': '96d17ce3b5f4e617fdd86063131b9b21', 'slave_sid': 'aWd1dGVyNHdiaGIyN2NicU5lNVhIQ1Z1WFJZU3JrUFVvNTRUWjY3aURaSGhhNmt5bW5hY0RXMVpPdGdRVHZoZ2x4WU1Wc2pxamYyQlVSenR2Qml3UEw0bEpQOE5oRXh5dUFKdTdzbTdDd0RMalRQRTJhZWJQQW5FUEtneTU2Z0NCOEp2Uk5LbzFIdW5UUFJ1', 'uuid': '677b464d524efdd369632b1ca17429df', 'data_ticket': 'hWjtcPWCVYbaU14O5nsZbmYckVy4+1GpMHpQb0qmbLaWcUyTtPsoRlQ70DKjFOyk', 'bizuin': '3949376427', 'data_bizuin': '3949376427', 'slave_bizuin': '3949376427', 'wxuin': '52988033607583', 'rand_info': 'CAESIPN/8s+zKe3+C9vbLcLFyRC37CAjQMDPy2fNGZVY4bnv'}
<class 'str'>
{"mm_lang": "zh_CN", "slave_user": "gh_52a317853636", "ua_id": "uiKIfDRdWXujuW4wAAAAANAZ9MPa6F3mdIgRKPWivCA=", "xid": "96d17ce3b5f4e617fdd86063131b9b21", "slave_sid": "aWd1dGVyNHdiaGIyN2NicU5lNVhIQ1Z1WFJZU3JrUFVvNTRUWjY3aURaSGhhNmt5bW5hY0RXMVpPdGdRVHZoZ2x4WU1Wc2pxamYyQlVSenR2Qml3UEw0bEpQOE5oRXh5dUFKdTdzbTdDd0RMalRQRTJhZWJQQW5FUEtneTU2Z0NCOEp2Uk5LbzFIdW5UUFJ1", "uuid": "677b464d524efdd369632b1ca17429df", "data_ticket": "hWjtcPWCVYbaU14O5nsZbmYckVy4+1GpMHpQb0qmbLaWcUyTtPsoRlQ70DKjFOyk", "bizuin": "3949376427", "data_bizuin": "3949376427", "slave_bizuin": "3949376427", "wxuin": "52988033607583", "rand_info": "CAESIPN/8s+zKe3+C9vbLcLFyRC37CAjQMDPy2fNGZVY4bnv"}
cookies信息已保存到本地
开始爬取公众号：计算机与网络安全
历史文章总数为 2587
2587
正在翻页：-------------- 0
正在翻页：-------------- 5
正在翻页：-------------- 10
正在翻页：-------------- 15
正在翻页：-------------- 20
正在翻页：-------------- 25
正在翻页：-------------- 30
正在翻页：-------------- 35
正在翻页：-------------- 40
正在翻页：-------------- 45
正在翻页：-------------- 50
正在翻页：-------------- 55
正在翻页：-------------- 60
正在翻页：-------------- 65
正在翻页：-------------- 70
正在翻页：-------------- 75
正在翻页：-------------- 80
正在翻页：-------------- 85
正在翻页：-------------- 90
正在翻页：-------------- 95
正在翻页：-------------- 100
正在翻页：-------------- 105
正在翻页：-------------- 110
正在翻页：-------------- 115
正在翻页：-------------- 120
正在翻页：-------------- 125
正在翻页：-------------- 130
正在翻页：-------------- 135
正在翻页：-------------- 140
正在翻页：-------------- 145
正在翻页：-------------- 150
正在翻页：-------------- 155
正在翻页：-------------- 160
正在翻页：-------------- 165
正在翻页：-------------- 170
正在翻页：-------------- 175
正在翻页：-------------- 180
正在翻页：-------------- 185
正在翻页：-------------- 190
正在翻页：-------------- 195
正在翻页：-------------- 200
正在翻页：-------------- 205
正在翻页：-------------- 210
正在翻页：-------------- 215
正在翻页：-------------- 220
正在翻页：-------------- 225
正在翻页：-------------- 230
正在翻页：-------------- 235
正在翻页：-------------- 240
正在翻页：-------------- 245
正在翻页：-------------- 250
正在翻页：-------------- 255
正在翻页：-------------- 260
正在翻页：-------------- 265
正在翻页：-------------- 270
正在翻页：-------------- 275
正在翻页：-------------- 280
正在翻页：-------------- 285
正在翻页：-------------- 290
正在翻页：-------------- 295
正在翻页：-------------- 300
正在翻页：-------------- 305
正在翻页：-------------- 310
正在翻页：-------------- 315
正在翻页：-------------- 320
正在翻页：-------------- 325
正在翻页：-------------- 330
正在翻页：-------------- 335
正在翻页：-------------- 340
正在翻页：-------------- 345
正在翻页：-------------- 350
正在翻页：-------------- 355
正在翻页：-------------- 360
正在翻页：-------------- 365
正在翻页：-------------- 370
正在翻页：-------------- 375
正在翻页：-------------- 380
正在翻页：-------------- 385
正在翻页：-------------- 390
正在翻页：-------------- 395
正在翻页：-------------- 400
正在翻页：-------------- 405
正在翻页：-------------- 410
正在翻页：-------------- 415
正在翻页：-------------- 420
正在翻页：-------------- 425
正在翻页：-------------- 430
正在翻页：-------------- 435
正在翻页：-------------- 440
正在翻页：-------------- 445
正在翻页：-------------- 450
正在翻页：-------------- 455
正在翻页：-------------- 460
正在翻页：-------------- 465
正在翻页：-------------- 470
正在翻页：-------------- 475
正在翻页：-------------- 480
正在翻页：-------------- 485
正在翻页：-------------- 490
正在翻页：-------------- 495
正在翻页：-------------- 500
正在翻页：-------------- 505
正在翻页：-------------- 510
正在翻页：-------------- 515
正在翻页：-------------- 520
正在翻页：-------------- 525
正在翻页：-------------- 530
正在翻页：-------------- 535
正在翻页：-------------- 540
正在翻页：-------------- 545
正在翻页：-------------- 550
正在翻页：-------------- 555
正在翻页：-------------- 560
正在翻页：-------------- 565
正在翻页：-------------- 570
正在翻页：-------------- 575
正在翻页：-------------- 580
正在翻页：-------------- 585
正在翻页：-------------- 590
正在翻页：-------------- 595
正在翻页：-------------- 600
正在翻页：-------------- 605
正在翻页：-------------- 610
正在翻页：-------------- 615
正在翻页：-------------- 620
正在翻页：-------------- 625
正在翻页：-------------- 630
正在翻页：-------------- 635
正在翻页：-------------- 640
正在翻页：-------------- 645
正在翻页：-------------- 650
正在翻页：-------------- 655
正在翻页：-------------- 660
正在翻页：-------------- 665
正在翻页：-------------- 670
正在翻页：-------------- 675
正在翻页：-------------- 680
正在翻页：-------------- 685
正在翻页：-------------- 690
正在翻页：-------------- 695
正在翻页：-------------- 700
正在翻页：-------------- 705
正在翻页：-------------- 710
正在翻页：-------------- 715
正在翻页：-------------- 720
正在翻页：-------------- 725
正在翻页：-------------- 730
正在翻页：-------------- 735
正在翻页：-------------- 740
正在翻页：-------------- 745
正在翻页：-------------- 750
正在翻页：-------------- 755
正在翻页：-------------- 760
正在翻页：-------------- 765
正在翻页：-------------- 770
正在翻页：-------------- 775
正在翻页：-------------- 780
正在翻页：-------------- 785
正在翻页：-------------- 790
正在翻页：-------------- 795
正在翻页：-------------- 800
正在翻页：-------------- 805
正在翻页：-------------- 810
正在翻页：-------------- 815
正在翻页：-------------- 820
正在翻页：-------------- 825
'NoneType' object is not iterable
/Users/dip/PycharmProjects/TornadoCURD/main.py:49: DeprecationWarning: executable_path has been deprecated, please pass in a Service object
  driver = webdriver.Chrome(executable_path=CHROME_DRIVER)
